<?xml version="1.0" encoding="UTF-8"?>
<coverage generated="1781551586229" clover="3.2.0">
  <project timestamp="1781551586229" name="All files">
    <metrics statements="542" coveredstatements="515" conditionals="308" coveredconditionals="272" methods="73" coveredmethods="71" elements="923" coveredelements="858" complexity="0" loc="542" ncloc="542" packages="7" files="13" classes="13"/>
    <package name="core.connection">
      <metrics statements="18" coveredstatements="18" conditionals="10" coveredconditionals="7" methods="3" coveredmethods="3"/>
      <file name="ProtocolCircuitBreaker.ts" path="/Users/ismailimamoglu/Desktop/MotoCortex/src/core/connection/ProtocolCircuitBreaker.ts">
        <metrics statements="18" coveredstatements="18" conditionals="10" coveredconditionals="7" methods="3" coveredmethods="3"/>
        <line num="4" count="1" type="stmt"/>
        <line num="11" count="7" type="stmt"/>
        <line num="12" count="7" type="cond" truecount="2" falsecount="0"/>
        <line num="13" count="7" type="stmt"/>
        <line num="15" count="7" type="stmt"/>
        <line num="16" count="7" type="stmt"/>
        <line num="18" count="7" type="cond" truecount="2" falsecount="0"/>
        <line num="19" count="3" type="cond" truecount="1" falsecount="1"/>
        <line num="20" count="3" type="cond" truecount="1" falsecount="1"/>
        <line num="21" count="3" type="stmt"/>
        <line num="22" count="3" type="stmt"/>
        <line num="23" count="3" type="stmt"/>
        <line num="32" count="5" type="stmt"/>
        <line num="33" count="5" type="stmt"/>
        <line num="34" count="5" type="cond" truecount="1" falsecount="1"/>
        <line num="35" count="5" type="stmt"/>
        <line num="42" count="5" type="stmt"/>
        <line num="43" count="5" type="stmt"/>
      </file>
    </package>
    <package name="core.parser">
      <metrics statements="198" coveredstatements="195" conditionals="128" coveredconditionals="116" methods="20" coveredmethods="19"/>
      <file name="BLEMultiFrameAssembler.ts" path="/Users/ismailimamoglu/Desktop/MotoCortex/src/core/parser/BLEMultiFrameAssembler.ts">
        <metrics statements="64" coveredstatements="61" conditionals="37" coveredconditionals="34" methods="9" coveredmethods="8"/>
        <line num="4" count="8" type="stmt"/>
        <line num="5" count="8" type="stmt"/>
        <line num="6" count="8" type="stmt"/>
        <line num="7" count="8" type="stmt"/>
        <line num="8" count="8" type="stmt"/>
        <line num="11" count="8" type="stmt"/>
        <line num="15" count="39" type="stmt"/>
        <line num="16" count="39" type="stmt"/>
        <line num="17" count="39" type="stmt"/>
        <line num="18" count="39" type="stmt"/>
        <line num="19" count="39" type="stmt"/>
        <line num="23" count="0" type="stmt"/>
        <line num="27" count="17" type="stmt"/>
        <line num="32" count="15" type="stmt"/>
        <line num="33" count="15" type="stmt"/>
        <line num="35" count="15" type="cond" truecount="4" falsecount="0"/>
        <line num="36" count="11" type="stmt"/>
        <line num="39" count="15" type="stmt"/>
        <line num="40" count="15" type="stmt"/>
        <line num="42" count="15" type="stmt"/>
        <line num="43" count="22" type="stmt"/>
        <line num="44" count="22" type="stmt"/>
        <line num="45" count="22" type="stmt"/>
        <line num="46" count="22" type="stmt"/>
        <line num="47" count="22" type="stmt"/>
        <line num="51" count="15" type="stmt"/>
        <line num="52" count="15" type="stmt"/>
        <line num="53" count="22" type="cond" truecount="2" falsecount="0"/>
        <line num="55" count="15" type="cond" truecount="2" falsecount="0"/>
        <line num="56" count="6" type="cond" truecount="2" falsecount="0"/>
        <line num="57" count="1" type="stmt"/>
        <line num="58" count="5" type="cond" truecount="2" falsecount="0"/>
        <line num="60" count="1" type="stmt"/>
        <line num="64" count="9" type="cond" truecount="2" falsecount="0"/>
        <line num="65" count="8" type="stmt"/>
        <line num="69" count="15" type="stmt"/>
        <line num="73" count="37" type="stmt"/>
        <line num="74" count="261" type="stmt"/>
        <line num="75" count="261" type="cond" truecount="5" falsecount="0"/>
        <line num="76" count="22" type="stmt"/>
        <line num="79" count="15" type="stmt"/>
        <line num="83" count="22" type="stmt"/>
        <line num="84" count="22" type="cond" truecount="1" falsecount="1"/>
        <line num="87" count="22" type="cond" truecount="2" falsecount="0"/>
        <line num="88" count="5" type="stmt"/>
        <line num="89" count="17" type="cond" truecount="1" falsecount="1"/>
        <line num="90" count="0" type="stmt"/>
        <line num="94" count="22" type="stmt"/>
        <line num="95" count="22" type="cond" truecount="1" falsecount="1"/>
        <line num="96" count="0" type="stmt"/>
        <line num="99" count="22" type="cond" truecount="2" falsecount="0"/>
        <line num="102" count="13" type="stmt"/>
        <line num="104" count="13" type="cond" truecount="2" falsecount="0"/>
        <line num="106" count="3" type="stmt"/>
        <line num="107" count="3" type="stmt"/>
        <line num="108" count="3" type="stmt"/>
        <line num="110" count="3" type="stmt"/>
        <line num="111" count="3" type="stmt"/>
        <line num="112" count="10" type="cond" truecount="4" falsecount="0"/>
        <line num="115" count="2" type="stmt"/>
        <line num="116" count="2" type="stmt"/>
        <line num="118" count="2" type="cond" truecount="2" falsecount="0"/>
        <line num="119" count="1" type="stmt"/>
        <line num="125" count="1" type="stmt"/>
      </file>
      <file name="ELMParser.ts" path="/Users/ismailimamoglu/Desktop/MotoCortex/src/core/parser/ELMParser.ts">
        <metrics statements="40" coveredstatements="40" conditionals="22" coveredconditionals="19" methods="6" coveredmethods="6"/>
        <line num="8" count="3" type="stmt"/>
        <line num="16" count="3" type="stmt"/>
        <line num="35" count="12" type="stmt"/>
        <line num="36" count="12" type="stmt"/>
        <line num="40" count="13" type="stmt"/>
        <line num="41" count="13" type="stmt"/>
        <line num="45" count="11" type="stmt"/>
        <line num="46" count="11" type="stmt"/>
        <line num="47" count="11" type="stmt"/>
        <line num="50" count="11" type="cond" truecount="4" falsecount="0"/>
        <line num="51" count="1" type="stmt"/>
        <line num="52" count="1" type="stmt"/>
        <line num="56" count="10" type="stmt"/>
        <line num="57" count="10" type="stmt"/>
        <line num="59" count="10" type="stmt"/>
        <line num="60" count="150" type="stmt"/>
        <line num="61" count="150" type="cond" truecount="2" falsecount="0"/>
        <line num="62" count="11" type="stmt"/>
        <line num="63" count="11" type="cond" truecount="1" falsecount="1"/>
        <line num="64" count="11" type="cond" truecount="2" falsecount="0"/>
        <line num="65" count="10" type="stmt"/>
        <line num="70" count="10" type="cond" truecount="4" falsecount="0"/>
        <line num="71" count="9" type="stmt"/>
        <line num="74" count="10" type="stmt"/>
        <line num="78" count="24" type="stmt"/>
        <line num="82" count="1" type="stmt"/>
        <line num="87" count="11" type="stmt"/>
        <line num="88" count="11" type="cond" truecount="1" falsecount="1"/>
        <line num="89" count="11" type="stmt"/>
        <line num="92" count="11" type="stmt"/>
        <line num="93" count="11" type="stmt"/>
        <line num="94" count="11" type="stmt"/>
        <line num="96" count="11" type="stmt"/>
        <line num="97" count="15" type="stmt"/>
        <line num="98" count="15" type="cond" truecount="1" falsecount="1"/>
        <line num="100" count="15" type="stmt"/>
        <line num="103" count="15" type="cond" truecount="4" falsecount="0"/>
        <line num="104" count="3" type="stmt"/>
        <line num="107" count="12" type="stmt"/>
        <line num="110" count="11" type="stmt"/>
      </file>
      <file name="FlowControlManager.ts" path="/Users/ismailimamoglu/Desktop/MotoCortex/src/core/parser/FlowControlManager.ts">
        <metrics statements="14" coveredstatements="14" conditionals="8" coveredconditionals="8" methods="1" coveredmethods="1"/>
        <line num="6" count="11" type="stmt"/>
        <line num="8" count="11" type="stmt"/>
        <line num="10" count="11" type="cond" truecount="2" falsecount="0"/>
        <line num="11" count="1" type="stmt"/>
        <line num="13" count="10" type="stmt"/>
        <line num="14" count="10" type="cond" truecount="2" falsecount="0"/>
        <line num="15" count="8" type="stmt"/>
        <line num="20" count="11" type="cond" truecount="2" falsecount="0"/>
        <line num="21" count="3" type="stmt"/>
        <line num="24" count="8" type="stmt"/>
        <line num="25" count="9" type="stmt"/>
        <line num="27" count="9" type="cond" truecount="2" falsecount="0"/>
        <line num="28" count="5" type="stmt"/>
        <line num="32" count="3" type="stmt"/>
      </file>
      <file name="ISOTPDecoder.ts" path="/Users/ismailimamoglu/Desktop/MotoCortex/src/core/parser/ISOTPDecoder.ts">
        <metrics statements="44" coveredstatements="44" conditionals="41" coveredconditionals="37" methods="1" coveredmethods="1"/>
        <line num="3" count="10" type="stmt"/>
        <line num="4" count="10" type="stmt"/>
        <line num="5" count="10" type="stmt"/>
        <line num="7" count="10" type="stmt"/>
        <line num="9" count="10" type="stmt"/>
        <line num="10" count="17" type="stmt"/>
        <line num="11" count="17" type="cond" truecount="1" falsecount="1"/>
        <line num="14" count="17" type="cond" truecount="2" falsecount="0"/>
        <line num="15" count="10" type="stmt"/>
        <line num="16" count="7" type="cond" truecount="9" falsecount="0"/>
        <line num="17" count="1" type="stmt"/>
        <line num="18" count="6" type="cond" truecount="2" falsecount="0"/>
        <line num="19" count="2" type="stmt"/>
        <line num="20" count="4" type="cond" truecount="2" falsecount="0"/>
        <line num="21" count="1" type="stmt"/>
        <line num="25" count="15" type="stmt"/>
        <line num="26" count="15" type="cond" truecount="2" falsecount="0"/>
        <line num="27" count="2" type="stmt"/>
        <line num="30" count="15" type="cond" truecount="1" falsecount="1"/>
        <line num="33" count="15" type="stmt"/>
        <line num="35" count="15" type="cond" truecount="2" falsecount="0"/>
        <line num="37" count="6" type="stmt"/>
        <line num="38" count="6" type="cond" truecount="3" falsecount="1"/>
        <line num="39" count="6" type="stmt"/>
        <line num="41" count="9" type="cond" truecount="2" falsecount="0"/>
        <line num="43" count="3" type="stmt"/>
        <line num="44" count="3" type="stmt"/>
        <line num="45" count="3" type="stmt"/>
        <line num="46" count="6" type="cond" truecount="2" falsecount="0"/>
        <line num="48" count="3" type="cond" truecount="1" falsecount="1"/>
        <line num="49" count="3" type="stmt"/>
        <line num="51" count="3" type="cond" truecount="2" falsecount="0"/>
        <line num="53" count="1" type="stmt"/>
        <line num="56" count="2" type="stmt"/>
        <line num="60" count="10" type="cond" truecount="4" falsecount="0"/>
        <line num="62" count="3" type="stmt"/>
        <line num="63" count="3" type="cond" truecount="2" falsecount="0"/>
        <line num="64" count="1" type="stmt"/>
        <line num="66" count="3" type="stmt"/>
        <line num="69" count="10" type="stmt"/>
        <line num="70" count="10" type="stmt"/>
        <line num="71" count="10" type="stmt"/>
        <line num="72" count="53" type="stmt"/>
        <line num="74" count="10" type="stmt"/>
      </file>
      <file name="KWPFrameDecoder.ts" path="/Users/ismailimamoglu/Desktop/MotoCortex/src/core/parser/KWPFrameDecoder.ts">
        <metrics statements="36" coveredstatements="36" conditionals="20" coveredconditionals="18" methods="3" coveredmethods="3"/>
        <line num="3" count="10" type="stmt"/>
        <line num="5" count="10" type="stmt"/>
        <line num="6" count="13" type="stmt"/>
        <line num="7" count="13" type="cond" truecount="4" falsecount="0"/>
        <line num="9" count="11" type="stmt"/>
        <line num="10" count="11" type="stmt"/>
        <line num="11" count="46" type="stmt"/>
        <line num="12" count="46" type="cond" truecount="1" falsecount="1"/>
        <line num="13" count="46" type="stmt"/>
        <line num="17" count="11" type="cond" truecount="1" falsecount="1"/>
        <line num="20" count="11" type="stmt"/>
        <line num="21" count="11" type="cond" truecount="2" falsecount="0"/>
        <line num="23" count="11" type="stmt"/>
        <line num="24" count="11" type="cond" truecount="2" falsecount="0"/>
        <line num="25" count="4" type="stmt"/>
        <line num="28" count="11" type="stmt"/>
        <line num="29" count="11" type="cond" truecount="4" falsecount="0"/>
        <line num="30" count="2" type="stmt"/>
        <line num="34" count="11" type="cond" truecount="2" falsecount="0"/>
        <line num="35" count="9" type="stmt"/>
        <line num="36" count="9" type="stmt"/>
        <line num="38" count="9" type="stmt"/>
        <line num="39" count="9" type="stmt"/>
        <line num="40" count="32" type="stmt"/>
        <line num="43" count="9" type="cond" truecount="2" falsecount="0"/>
        <line num="45" count="2" type="stmt"/>
        <line num="49" count="7" type="stmt"/>
        <line num="50" count="14" type="stmt"/>
        <line num="51" count="7" type="stmt"/>
        <line num="53" count="5" type="stmt"/>
        <line num="54" count="2" type="stmt"/>
        <line num="58" count="10" type="stmt"/>
        <line num="59" count="10" type="stmt"/>
        <line num="60" count="10" type="stmt"/>
        <line num="61" count="19" type="stmt"/>
        <line num="63" count="10" type="stmt"/>
      </file>
    </package>
    <package name="core.queue">
      <metrics statements="141" coveredstatements="130" conditionals="84" coveredconditionals="68" methods="18" coveredmethods="17"/>
      <file name="AdaptivePollingController.ts" path="/Users/ismailimamoglu/Desktop/MotoCortex/src/core/queue/AdaptivePollingController.ts">
        <metrics statements="54" coveredstatements="50" conditionals="35" coveredconditionals="28" methods="2" coveredmethods="2"/>
        <line num="5" count="1" type="stmt"/>
        <line num="12" count="1" type="stmt"/>
        <line num="13" count="1" type="stmt"/>
        <line num="14" count="1" type="stmt"/>
        <line num="15" count="1" type="stmt"/>
        <line num="21" count="6" type="stmt"/>
        <line num="22" count="6" type="stmt"/>
        <line num="23" count="6" type="stmt"/>
        <line num="31" count="21" type="stmt"/>
        <line num="32" count="21" type="stmt"/>
        <line num="35" count="21" type="cond" truecount="2" falsecount="0"/>
        <line num="40" count="3" type="stmt"/>
        <line num="41" count="3" type="stmt"/>
        <line num="44" count="18" type="stmt"/>
        <line num="45" count="18" type="stmt"/>
        <line num="46" count="18" type="stmt"/>
        <line num="47" count="18" type="cond" truecount="1" falsecount="1"/>
        <line num="48" count="18" type="stmt"/>
        <line num="49" count="18" type="stmt"/>
        <line num="52" count="18" type="stmt"/>
        <line num="53" count="18" type="stmt"/>
        <line num="56" count="18" type="stmt"/>
        <line num="57" count="18" type="cond" truecount="1" falsecount="1"/>
        <line num="58" count="0" type="stmt"/>
        <line num="59" count="18" type="cond" truecount="2" falsecount="0"/>
        <line num="60" count="12" type="stmt"/>
        <line num="61" count="6" type="cond" truecount="1" falsecount="1"/>
        <line num="62" count="6" type="stmt"/>
        <line num="66" count="18" type="stmt"/>
        <line num="67" count="18" type="cond" truecount="1" falsecount="1"/>
        <line num="68" count="0" type="stmt"/>
        <line num="69" count="18" type="cond" truecount="2" falsecount="0"/>
        <line num="70" count="12" type="stmt"/>
        <line num="71" count="6" type="cond" truecount="2" falsecount="0"/>
        <line num="72" count="3" type="stmt"/>
        <line num="76" count="18" type="stmt"/>
        <line num="77" count="18" type="cond" truecount="2" falsecount="0"/>
        <line num="78" count="15" type="stmt"/>
        <line num="79" count="3" type="cond" truecount="1" falsecount="1"/>
        <line num="80" count="0" type="stmt"/>
        <line num="85" count="18" type="stmt"/>
        <line num="90" count="18" type="stmt"/>
        <line num="91" count="18" type="cond" truecount="2" falsecount="0"/>
        <line num="92" count="3" type="stmt"/>
        <line num="93" count="15" type="cond" truecount="1" falsecount="1"/>
        <line num="94" count="0" type="stmt"/>
        <line num="95" count="15" type="cond" truecount="2" falsecount="0"/>
        <line num="96" count="3" type="stmt"/>
        <line num="97" count="12" type="cond" truecount="1" falsecount="1"/>
        <line num="98" count="12" type="stmt"/>
        <line num="102" count="18" type="stmt"/>
        <line num="103" count="18" type="cond" truecount="2" falsecount="0"/>
        <line num="104" count="4" type="stmt"/>
        <line num="107" count="18" type="stmt"/>
      </file>
      <file name="CommandRateLimiter.ts" path="/Users/ismailimamoglu/Desktop/MotoCortex/src/core/queue/CommandRateLimiter.ts">
        <metrics statements="16" coveredstatements="13" conditionals="8" coveredconditionals="5" methods="3" coveredmethods="3"/>
        <line num="7" count="2" type="stmt"/>
        <line num="11" count="30" type="stmt"/>
        <line num="13" count="30" type="stmt"/>
        <line num="15" count="30" type="cond" truecount="1" falsecount="1"/>
        <line num="16" count="0" type="stmt"/>
        <line num="18" count="30" type="stmt"/>
        <line num="19" count="30" type="cond" truecount="1" falsecount="1"/>
        <line num="20" count="0" type="stmt"/>
        <line num="21" count="30" type="cond" truecount="1" falsecount="1"/>
        <line num="22" count="0" type="stmt"/>
        <line num="26" count="30" type="stmt"/>
        <line num="27" count="30" type="stmt"/>
        <line num="28" count="30" type="cond" truecount="2" falsecount="0"/>
        <line num="29" count="28" type="stmt"/>
        <line num="30" count="28" type="stmt"/>
        <line num="32" count="30" type="stmt"/>
      </file>
      <file name="CommandScheduler.ts" path="/Users/ismailimamoglu/Desktop/MotoCortex/src/core/queue/CommandScheduler.ts">
        <metrics statements="71" coveredstatements="67" conditionals="41" coveredconditionals="35" methods="13" coveredmethods="12"/>
        <line num="32" count="12" type="stmt"/>
        <line num="33" count="12" type="stmt"/>
        <line num="34" count="12" type="stmt"/>
        <line num="35" count="12" type="stmt"/>
        <line num="36" count="12" type="stmt"/>
        <line num="37" count="12" type="stmt"/>
        <line num="38" count="12" type="stmt"/>
        <line num="39" count="12" type="stmt"/>
        <line num="43" count="11" type="stmt"/>
        <line num="47" count="33" type="stmt"/>
        <line num="48" count="33" type="stmt"/>
        <line num="49" count="33" type="cond" truecount="1" falsecount="1"/>
        <line num="52" count="33" type="cond" truecount="2" falsecount="0"/>
        <line num="56" count="33" type="stmt"/>
        <line num="59" count="33" type="cond" truecount="4" falsecount="0"/>
        <line num="60" count="1" type="stmt"/>
        <line num="61" count="1" type="stmt"/>
        <line num="64" count="32" type="stmt"/>
        <line num="65" count="32" type="stmt"/>
        <line num="70" count="32" type="cond" truecount="2" falsecount="0"/>
        <line num="71" count="23" type="stmt"/>
        <line num="72" count="23" type="stmt"/>
        <line num="76" count="23" type="stmt"/>
        <line num="78" count="30" type="stmt"/>
        <line num="79" count="7" type="cond" truecount="1" falsecount="1"/>
        <line num="80" count="0" type="stmt"/>
        <line num="82" count="7" type="stmt"/>
        <line num="85" count="30" type="stmt"/>
        <line num="86" count="30" type="cond" truecount="1" falsecount="1"/>
        <line num="87" count="30" type="stmt"/>
        <line num="89" count="30" type="cond" truecount="1" falsecount="1"/>
        <line num="90" count="30" type="stmt"/>
        <line num="92" count="30" type="stmt"/>
        <line num="94" count="30" type="cond" truecount="2" falsecount="0"/>
        <line num="95" count="2" type="stmt"/>
        <line num="98" count="28" type="stmt"/>
        <line num="99" count="22" type="stmt"/>
        <line num="100" count="22" type="cond" truecount="1" falsecount="1"/>
        <line num="101" count="22" type="stmt"/>
        <line num="104" count="8" type="stmt"/>
        <line num="105" count="8" type="cond" truecount="2" falsecount="0"/>
        <line num="106" count="6" type="stmt"/>
        <line num="109" count="30" type="stmt"/>
        <line num="112" count="0" type="stmt"/>
        <line num="113" count="0" type="stmt"/>
        <line num="116" count="23" type="stmt"/>
        <line num="120" count="22" type="stmt"/>
        <line num="121" count="22" type="cond" truecount="4" falsecount="0"/>
        <line num="122" count="1" type="stmt"/>
        <line num="123" count="1" type="stmt"/>
        <line num="124" count="1" type="stmt"/>
        <line num="129" count="8" type="cond" truecount="2" falsecount="0"/>
        <line num="130" count="8" type="cond" truecount="2" falsecount="0"/>
        <line num="131" count="5" type="stmt"/>
        <line num="132" count="5" type="cond" truecount="2" falsecount="0"/>
        <line num="133" count="3" type="stmt"/>
        <line num="134" count="3" type="stmt"/>
        <line num="136" count="2" type="stmt"/>
        <line num="140" count="5" type="cond" truecount="4" falsecount="0"/>
        <line num="141" count="1" type="stmt"/>
        <line num="142" count="1" type="stmt"/>
        <line num="143" count="1" type="stmt"/>
        <line num="149" count="1" type="stmt"/>
        <line num="153" count="0" type="stmt"/>
        <line num="157" count="4" type="stmt"/>
        <line num="158" count="4" type="stmt"/>
        <line num="159" count="4" type="stmt"/>
        <line num="161" count="4" type="cond" truecount="2" falsecount="0"/>
        <line num="162" count="2" type="stmt"/>
        <line num="163" count="2" type="stmt"/>
        <line num="165" count="2" type="stmt"/>
      </file>
    </package>
    <package name="core.security">
      <metrics statements="18" coveredstatements="18" conditionals="29" coveredconditionals="29" methods="4" coveredmethods="4"/>
      <file name="CommandClassificationRegistry.ts" path="/Users/ismailimamoglu/Desktop/MotoCortex/src/core/security/CommandClassificationRegistry.ts">
        <metrics statements="18" coveredstatements="18" conditionals="29" coveredconditionals="29" methods="4" coveredmethods="4"/>
        <line num="27" count="74" type="stmt"/>
        <line num="53" count="71" type="stmt"/>
        <line num="56" count="71" type="cond" truecount="2" falsecount="0"/>
        <line num="57" count="64" type="cond" truecount="2" falsecount="0"/>
        <line num="58" count="58" type="cond" truecount="2" falsecount="0"/>
        <line num="59" count="55" type="cond" truecount="2" falsecount="0"/>
        <line num="60" count="52" type="cond" truecount="2" falsecount="0"/>
        <line num="63" count="51" type="cond" truecount="2" falsecount="0"/>
        <line num="66" count="46" type="cond" truecount="2" falsecount="0"/>
        <line num="69" count="40" type="cond" truecount="2" falsecount="0"/>
        <line num="70" count="38" type="cond" truecount="2" falsecount="0"/>
        <line num="73" count="35" type="cond" truecount="2" falsecount="0"/>
        <line num="74" count="32" type="cond" truecount="2" falsecount="0"/>
        <line num="77" count="29" type="stmt"/>
        <line num="84" count="32" type="stmt"/>
        <line num="99" count="26" type="stmt"/>
        <line num="100" count="26" type="cond" truecount="4" falsecount="0"/>
        <line num="101" count="7" type="stmt"/>
      </file>
    </package>
    <package name="core.telemetry">
      <metrics statements="93" coveredstatements="81" conditionals="27" coveredconditionals="26" methods="16" coveredmethods="16"/>
      <file name="TelemetryHealthCollector.ts" path="/Users/ismailimamoglu/Desktop/MotoCortex/src/core/telemetry/TelemetryHealthCollector.ts">
        <metrics statements="93" coveredstatements="81" conditionals="27" coveredconditionals="26" methods="16" coveredmethods="16"/>
        <line num="25" count="1" type="stmt"/>
        <line num="29" count="1" type="stmt"/>
        <line num="30" count="1" type="stmt"/>
        <line num="31" count="1" type="stmt"/>
        <line num="34" count="1" type="stmt"/>
        <line num="35" count="1" type="stmt"/>
        <line num="37" count="1" type="stmt"/>
        <line num="38" count="1" type="stmt"/>
        <line num="40" count="1" type="stmt"/>
        <line num="41" count="1" type="stmt"/>
        <line num="44" count="1" type="stmt"/>
        <line num="45" count="1" type="stmt"/>
        <line num="46" count="1" type="stmt"/>
        <line num="49" count="1" type="stmt"/>
        <line num="50" count="1" type="stmt"/>
        <line num="51" count="1" type="stmt"/>
        <line num="58" count="1" type="stmt"/>
        <line num="59" count="1" type="stmt"/>
        <line num="65" count="428" type="cond" truecount="2" falsecount="0"/>
        <line num="66" count="428" type="cond" truecount="2" falsecount="0"/>
        <line num="68" count="428" type="stmt"/>
        <line num="69" count="428" type="stmt"/>
        <line num="71" count="428" type="stmt"/>
        <line num="72" count="428" type="cond" truecount="2" falsecount="0"/>
        <line num="73" count="233" type="stmt"/>
        <line num="82" count="128" type="stmt"/>
        <line num="83" count="128" type="cond" truecount="2" falsecount="0"/>
        <line num="85" count="128" type="stmt"/>
        <line num="86" count="128" type="stmt"/>
        <line num="88" count="128" type="stmt"/>
        <line num="89" count="128" type="cond" truecount="2" falsecount="0"/>
        <line num="90" count="118" type="stmt"/>
        <line num="94" count="128" type="stmt"/>
        <line num="95" count="128" type="cond" truecount="2" falsecount="0"/>
        <line num="97" count="128" type="stmt"/>
        <line num="98" count="128" type="stmt"/>
        <line num="100" count="128" type="stmt"/>
        <line num="101" count="128" type="cond" truecount="2" falsecount="0"/>
        <line num="102" count="118" type="stmt"/>
        <line num="105" count="128" type="stmt"/>
        <line num="106" count="128" type="stmt"/>
        <line num="114" count="114" type="stmt"/>
        <line num="115" count="114" type="cond" truecount="2" falsecount="0"/>
        <line num="117" count="114" type="stmt"/>
        <line num="118" count="114" type="stmt"/>
        <line num="120" count="114" type="stmt"/>
        <line num="121" count="114" type="cond" truecount="2" falsecount="0"/>
        <line num="122" count="104" type="stmt"/>
        <line num="125" count="114" type="stmt"/>
        <line num="126" count="114" type="stmt"/>
        <line num="133" count="5" type="stmt"/>
        <line num="140" count="2" type="stmt"/>
        <line num="147" count="2" type="stmt"/>
        <line num="155" count="10" type="cond" truecount="2" falsecount="0"/>
        <line num="156" count="8" type="stmt"/>
        <line num="164" count="8" type="cond" truecount="2" falsecount="0"/>
        <line num="165" count="6" type="stmt"/>
        <line num="172" count="4" type="cond" truecount="2" falsecount="0"/>
        <line num="173" count="2" type="stmt"/>
        <line num="180" count="1" type="stmt"/>
        <line num="184" count="3" type="stmt"/>
        <line num="188" count="1" type="stmt"/>
        <line num="192" count="1" type="stmt"/>
        <line num="199" count="1" type="stmt"/>
        <line num="214" count="19" type="stmt"/>
        <line num="215" count="19" type="stmt"/>
        <line num="216" count="19" type="stmt"/>
        <line num="218" count="19" type="stmt"/>
        <line num="219" count="19" type="stmt"/>
        <line num="221" count="19" type="stmt"/>
        <line num="222" count="19" type="stmt"/>
        <line num="224" count="19" type="stmt"/>
        <line num="225" count="19" type="stmt"/>
        <line num="227" count="19" type="stmt"/>
        <line num="228" count="19" type="stmt"/>
        <line num="229" count="19" type="stmt"/>
        <line num="231" count="19" type="stmt"/>
        <line num="232" count="19" type="stmt"/>
        <line num="233" count="19" type="stmt"/>
        <line num="234" count="19" type="stmt"/>
        <line num="246" count="242" type="cond" truecount="1" falsecount="1"/>
        <line num="249" count="0" type="stmt"/>
        <line num="250" count="0" type="stmt"/>
        <line num="251" count="0" type="stmt"/>
        <line num="253" count="0" type="stmt"/>
        <line num="256" count="0" type="stmt"/>
        <line num="257" count="0" type="stmt"/>
        <line num="258" count="0" type="stmt"/>
        <line num="260" count="0" type="stmt"/>
        <line num="263" count="0" type="stmt"/>
        <line num="264" count="0" type="stmt"/>
        <line num="265" count="0" type="stmt"/>
        <line num="267" count="0" type="stmt"/>
      </file>
    </package>
    <package name="core.transport">
      <metrics statements="46" coveredstatements="45" conditionals="14" coveredconditionals="12" methods="7" coveredmethods="7"/>
      <file name="TransportRateLimiter.ts" path="/Users/ismailimamoglu/Desktop/MotoCortex/src/core/transport/TransportRateLimiter.ts">
        <metrics statements="46" coveredstatements="45" conditionals="14" coveredconditionals="12" methods="7" coveredmethods="7"/>
        <line num="5" count="3" type="stmt"/>
        <line num="6" count="3" type="stmt"/>
        <line num="7" count="3" type="stmt"/>
        <line num="8" count="3" type="stmt"/>
        <line num="9" count="3" type="stmt"/>
        <line num="10" count="3" type="stmt"/>
        <line num="16" count="5" type="stmt"/>
        <line num="17" count="5" type="stmt"/>
        <line num="18" count="5" type="stmt"/>
        <line num="19" count="5" type="stmt"/>
        <line num="21" count="5" type="cond" truecount="2" falsecount="0"/>
        <line num="22" count="1" type="stmt"/>
        <line num="23" count="1" type="stmt"/>
        <line num="24" count="4" type="cond" truecount="2" falsecount="0"/>
        <line num="25" count="1" type="stmt"/>
        <line num="26" count="1" type="stmt"/>
        <line num="28" count="3" type="stmt"/>
        <line num="29" count="3" type="stmt"/>
        <line num="32" count="5" type="stmt"/>
        <line num="33" count="5" type="stmt"/>
        <line num="34" count="5" type="stmt"/>
        <line num="36" count="5" type="cond" truecount="1" falsecount="1"/>
        <line num="37" count="0" type="stmt"/>
        <line num="40" count="5" type="stmt"/>
        <line num="41" count="17" type="stmt"/>
        <line num="42" count="17" type="stmt"/>
        <line num="47" count="74" type="stmt"/>
        <line num="48" count="74" type="stmt"/>
        <line num="49" count="74" type="stmt"/>
        <line num="50" count="74" type="stmt"/>
        <line num="58" count="57" type="stmt"/>
        <line num="59" count="57" type="cond" truecount="2" falsecount="0"/>
        <line num="60" count="52" type="stmt"/>
        <line num="61" count="52" type="stmt"/>
        <line num="63" count="5" type="stmt"/>
        <line num="64" count="5" type="stmt"/>
        <line num="69" count="17" type="cond" truecount="2" falsecount="0"/>
        <line num="70" count="4" type="stmt"/>
        <line num="71" count="4" type="stmt"/>
        <line num="72" count="4" type="cond" truecount="1" falsecount="1"/>
        <line num="73" count="4" type="stmt"/>
        <line num="82" count="6" type="cond" truecount="2" falsecount="0"/>
        <line num="83" count="5" type="stmt"/>
        <line num="84" count="5" type="stmt"/>
        <line num="86" count="6" type="stmt"/>
        <line num="87" count="6" type="stmt"/>
      </file>
    </package>
    <package name="utils">
      <metrics statements="28" coveredstatements="28" conditionals="16" coveredconditionals="14" methods="5" coveredmethods="5"/>
      <file name="IapBridge.ts" path="/Users/ismailimamoglu/Desktop/MotoCortex/src/utils/IapBridge.ts">
        <metrics statements="28" coveredstatements="28" conditionals="16" coveredconditionals="14" methods="5" coveredmethods="5"/>
        <line num="9" count="1" type="stmt"/>
        <line num="24" count="28" type="cond" truecount="1" falsecount="1"/>
        <line num="25" count="28" type="cond" truecount="2" falsecount="0"/>
        <line num="27" count="28" type="stmt"/>
        <line num="28" count="28" type="cond" truecount="4" falsecount="0"/>
        <line num="29" count="28" type="cond" truecount="2" falsecount="0"/>
        <line num="31" count="28" type="stmt"/>
        <line num="45" count="28" type="stmt"/>
        <line num="46" count="28" type="stmt"/>
        <line num="47" count="28" type="stmt"/>
        <line num="48" count="253" type="cond" truecount="2" falsecount="0"/>
        <line num="52" count="28" type="stmt"/>
        <line num="53" count="28" type="stmt"/>
        <line num="54" count="28" type="stmt"/>
        <line num="55" count="900" type="stmt"/>
        <line num="59" count="28" type="stmt"/>
        <line num="60" count="28" type="stmt"/>
        <line num="61" count="896" type="cond" truecount="2" falsecount="0"/>
        <line num="62" count="896" type="cond" truecount="1" falsecount="1"/>
        <line num="65" count="896" type="stmt"/>
        <line num="69" count="896" type="stmt"/>
        <line num="80" count="17" type="stmt"/>
        <line num="81" count="17" type="stmt"/>
        <line num="82" count="17" type="stmt"/>
        <line num="83" count="17" type="stmt"/>
        <line num="87" count="17" type="stmt"/>
        <line num="91" count="7" type="stmt"/>
        <line num="92" count="7" type="stmt"/>
      </file>
    </package>
  </project>
</coverage>
