{"/Users/ismailimamoglu/Desktop/MotoCortex/src/core/connection/ProtocolCircuitBreaker.ts": {"path":"/Users/ismailimamoglu/Desktop/MotoCortex/src/core/connection/ProtocolCircuitBreaker.ts","statementMap":{"0":{"start":{"line":4,"column":30},"end":{"line":4,"column":55}},"1":{"start":{"line":11,"column":27},"end":{"line":11,"column":56}},"2":{"start":{"line":12,"column":22},"end":{"line":12,"column":62}},"3":{"start":{"line":13,"column":8},"end":{"line":13,"column":45}},"4":{"start":{"line":15,"column":22},"end":{"line":15,"column":50}},"5":{"start":{"line":16,"column":8},"end":{"line":16,"column":109}},"6":{"start":{"line":18,"column":8},"end":{"line":25,"column":9}},"7":{"start":{"line":19,"column":37},"end":{"line":19,"column":64}},"8":{"start":{"line":20,"column":12},"end":{"line":24,"column":13}},"9":{"start":{"line":21,"column":32},"end":{"line":21,"column":65}},"10":{"start":{"line":22,"column":16},"end":{"line":22,"column":66}},"11":{"start":{"line":23,"column":16},"end":{"line":23,"column":94}},"12":{"start":{"line":32,"column":27},"end":{"line":32,"column":56}},"13":{"start":{"line":33,"column":22},"end":{"line":33,"column":50}},"14":{"start":{"line":34,"column":26},"end":{"line":34,"column":53}},"15":{"start":{"line":35,"column":8},"end":{"line":35,"column":46}},"16":{"start":{"line":42,"column":8},"end":{"line":42,"column":30}},"17":{"start":{"line":43,"column":8},"end":{"line":43,"column":76}}},"fnMap":{"0":{"name":"(anonymous_0)","decl":{"start":{"line":10,"column":4},"end":{"line":10,"column":5}},"loc":{"start":{"line":10,"column":56},"end":{"line":26,"column":5}},"line":10},"1":{"name":"(anonymous_1)","decl":{"start":{"line":31,"column":4},"end":{"line":31,"column":5}},"loc":{"start":{"line":31,"column":59},"end":{"line":36,"column":5}},"line":31},"2":{"name":"(anonymous_2)","decl":{"start":{"line":41,"column":4},"end":{"line":41,"column":5}},"loc":{"start":{"line":41,"column":32},"end":{"line":44,"column":5}},"line":41}},"branchMap":{"0":{"loc":{"start":{"line":12,"column":23},"end":{"line":12,"column":57}},"type":"binary-expr","locations":[{"start":{"line":12,"column":23},"end":{"line":12,"column":52}},{"start":{"line":12,"column":56},"end":{"line":12,"column":57}}],"line":12},"1":{"loc":{"start":{"line":18,"column":8},"end":{"line":25,"column":9}},"type":"if","locations":[{"start":{"line":18,"column":8},"end":{"line":25,"column":9}},{"start":{},"end":{}}],"line":18},"2":{"loc":{"start":{"line":19,"column":37},"end":{"line":19,"column":64}},"type":"binary-expr","locations":[{"start":{"line":19,"column":37},"end":{"line":19,"column":58}},{"start":{"line":19,"column":62},"end":{"line":19,"column":64}}],"line":19},"3":{"loc":{"start":{"line":20,"column":12},"end":{"line":24,"column":13}},"type":"if","locations":[{"start":{"line":20,"column":12},"end":{"line":24,"column":13}},{"start":{},"end":{}}],"line":20},"4":{"loc":{"start":{"line":34,"column":26},"end":{"line":34,"column":53}},"type":"binary-expr","locations":[{"start":{"line":34,"column":26},"end":{"line":34,"column":47}},{"start":{"line":34,"column":51},"end":{"line":34,"column":53}}],"line":34}},"s":{"0":1,"1":7,"2":7,"3":7,"4":7,"5":7,"6":7,"7":3,"8":3,"9":3,"10":3,"11":3,"12":5,"13":5,"14":5,"15":5,"16":5,"17":5},"f":{"0":7,"1":5,"2":5},"b":{"0":[7,4],"1":[3,4],"2":[3,0],"3":[3,0],"4":[5,0]},"_coverageSchema":"1a1c01bbd47fc00a2c39e90264f33305004495a9","hash":"2a1ae73ca4e05434926640775df71a64784ac163"}
,"/Users/ismailimamoglu/Desktop/MotoCortex/src/core/parser/BLEMultiFrameAssembler.ts": {"path":"/Users/ismailimamoglu/Desktop/MotoCortex/src/core/parser/BLEMultiFrameAssembler.ts","statementMap":{"0":{"start":{"line":4,"column":29},"end":{"line":4,"column":31}},"1":{"start":{"line":5,"column":36},"end":{"line":5,"column":42}},"2":{"start":{"line":6,"column":37},"end":{"line":6,"column":38}},"3":{"start":{"line":7,"column":43},"end":{"line":7,"column":44}},"4":{"start":{"line":8,"column":36},"end":{"line":8,"column":41}},"5":{"start":{"line":11,"column":8},"end":{"line":11,"column":21}},"6":{"start":{"line":15,"column":8},"end":{"line":15,"column":25}},"7":{"start":{"line":16,"column":8},"end":{"line":16,"column":28}},"8":{"start":{"line":17,"column":8},"end":{"line":17,"column":32}},"9":{"start":{"line":18,"column":8},"end":{"line":18,"column":38}},"10":{"start":{"line":19,"column":8},"end":{"line":19,"column":34}},"11":{"start":{"line":23,"column":8},"end":{"line":23,"column":21}},"12":{"start":{"line":27,"column":8},"end":{"line":27,"column":26}},"13":{"start":{"line":32,"column":26},"end":{"line":32,"column":50}},"14":{"start":{"line":33,"column":8},"end":{"line":33,"column":33}},"15":{"start":{"line":35,"column":8},"end":{"line":37,"column":9}},"16":{"start":{"line":36,"column":12},"end":{"line":36,"column":38}},"17":{"start":{"line":39,"column":32},"end":{"line":39,"column":34}},"18":{"start":{"line":40,"column":29},"end":{"line":40,"column":54}},"19":{"start":{"line":42,"column":8},"end":{"line":48,"column":9}},"20":{"start":{"line":43,"column":25},"end":{"line":43,"column":69}},"21":{"start":{"line":44,"column":12},"end":{"line":44,"column":68}},"22":{"start":{"line":45,"column":12},"end":{"line":45,"column":29}},"23":{"start":{"line":46,"column":12},"end":{"line":46,"column":35}},"24":{"start":{"line":47,"column":12},"end":{"line":47,"column":55}},"25":{"start":{"line":51,"column":30},"end":{"line":51,"column":48}},"26":{"start":{"line":52,"column":31},"end":{"line":52,"column":58}},"27":{"start":{"line":53,"column":31},"end":{"line":53,"column":81}},"28":{"start":{"line":53,"column":47},"end":{"line":53,"column":62}},"29":{"start":{"line":55,"column":8},"end":{"line":67,"column":9}},"30":{"start":{"line":56,"column":12},"end":{"line":61,"column":13}},"31":{"start":{"line":57,"column":16},"end":{"line":57,"column":40}},"32":{"start":{"line":58,"column":19},"end":{"line":61,"column":13}},"33":{"start":{"line":60,"column":16},"end":{"line":60,"column":41}},"34":{"start":{"line":64,"column":12},"end":{"line":66,"column":13}},"35":{"start":{"line":65,"column":16},"end":{"line":65,"column":40}},"36":{"start":{"line":69,"column":8},"end":{"line":69,"column":21}},"37":{"start":{"line":73,"column":8},"end":{"line":78,"column":9}},"38":{"start":{"line":73,"column":21},"end":{"line":73,"column":22}},"39":{"start":{"line":74,"column":25},"end":{"line":74,"column":39}},"40":{"start":{"line":75,"column":12},"end":{"line":77,"column":13}},"41":{"start":{"line":76,"column":16},"end":{"line":76,"column":25}},"42":{"start":{"line":79,"column":8},"end":{"line":79,"column":18}},"43":{"start":{"line":83,"column":20},"end":{"line":83,"column":58}},"44":{"start":{"line":84,"column":8},"end":{"line":84,"column":27}},"45":{"start":{"line":84,"column":20},"end":{"line":84,"column":27}},"46":{"start":{"line":87,"column":8},"end":{"line":91,"column":9}},"47":{"start":{"line":88,"column":12},"end":{"line":88,"column":39}},"48":{"start":{"line":89,"column":15},"end":{"line":91,"column":9}},"49":{"start":{"line":90,"column":12},"end":{"line":90,"column":39}},"50":{"start":{"line":94,"column":28},"end":{"line":94,"column":50}},"51":{"start":{"line":95,"column":8},"end":{"line":97,"column":9}},"52":{"start":{"line":96,"column":12},"end":{"line":96,"column":59}},"53":{"start":{"line":99,"column":8},"end":{"line":99,"column":37}},"54":{"start":{"line":99,"column":30},"end":{"line":99,"column":37}},"55":{"start":{"line":102,"column":24},"end":{"line":102,"column":59}},"56":{"start":{"line":104,"column":8},"end":{"line":121,"column":9}},"57":{"start":{"line":106,"column":12},"end":{"line":106,"column":37}},"58":{"start":{"line":107,"column":12},"end":{"line":107,"column":38}},"59":{"start":{"line":108,"column":12},"end":{"line":108,"column":70}},"60":{"start":{"line":110,"column":30},"end":{"line":110,"column":48}},"61":{"start":{"line":111,"column":12},"end":{"line":111,"column":61}},"62":{"start":{"line":112,"column":15},"end":{"line":121,"column":9}},"63":{"start":{"line":115,"column":30},"end":{"line":115,"column":48}},"64":{"start":{"line":116,"column":12},"end":{"line":116,"column":62}},"65":{"start":{"line":118,"column":12},"end":{"line":120,"column":13}},"66":{"start":{"line":119,"column":16},"end":{"line":119,"column":40}},"67":{"start":{"line":125,"column":8},"end":{"line":125,"column":27}}},"fnMap":{"0":{"name":"(anonymous_0)","decl":{"start":{"line":10,"column":4},"end":{"line":10,"column":5}},"loc":{"start":{"line":10,"column":18},"end":{"line":12,"column":5}},"line":10},"1":{"name":"(anonymous_1)","decl":{"start":{"line":14,"column":4},"end":{"line":14,"column":5}},"loc":{"start":{"line":14,"column":25},"end":{"line":20,"column":5}},"line":14},"2":{"name":"(anonymous_2)","decl":{"start":{"line":22,"column":4},"end":{"line":22,"column":5}},"loc":{"start":{"line":22,"column":25},"end":{"line":24,"column":5}},"line":22},"3":{"name":"(anonymous_3)","decl":{"start":{"line":26,"column":4},"end":{"line":26,"column":5}},"loc":{"start":{"line":26,"column":38},"end":{"line":28,"column":5}},"line":26},"4":{"name":"(anonymous_4)","decl":{"start":{"line":30,"column":4},"end":{"line":30,"column":5}},"loc":{"start":{"line":30,"column":43},"end":{"line":70,"column":5}},"line":30},"5":{"name":"(anonymous_5)","decl":{"start":{"line":53,"column":42},"end":{"line":53,"column":43}},"loc":{"start":{"line":53,"column":47},"end":{"line":53,"column":62}},"line":53},"6":{"name":"(anonymous_6)","decl":{"start":{"line":72,"column":4},"end":{"line":72,"column":5}},"loc":{"start":{"line":72,"column":41},"end":{"line":80,"column":5}},"line":72},"7":{"name":"(anonymous_7)","decl":{"start":{"line":82,"column":4},"end":{"line":82,"column":5}},"loc":{"start":{"line":82,"column":44},"end":{"line":122,"column":5}},"line":82},"8":{"name":"(anonymous_8)","decl":{"start":{"line":124,"column":4},"end":{"line":124,"column":5}},"loc":{"start":{"line":124,"column":34},"end":{"line":126,"column":5}},"line":124}},"branchMap":{"0":{"loc":{"start":{"line":35,"column":8},"end":{"line":37,"column":9}},"type":"if","locations":[{"start":{"line":35,"column":8},"end":{"line":37,"column":9}},{"start":{},"end":{}}],"line":35},"1":{"loc":{"start":{"line":35,"column":12},"end":{"line":35,"column":59}},"type":"binary-expr","locations":[{"start":{"line":35,"column":12},"end":{"line":35,"column":33}},{"start":{"line":35,"column":37},"end":{"line":35,"column":59}}],"line":35},"2":{"loc":{"start":{"line":53,"column":31},"end":{"line":53,"column":81}},"type":"binary-expr","locations":[{"start":{"line":53,"column":31},"end":{"line":53,"column":63}},{"start":{"line":53,"column":67},"end":{"line":53,"column":81}}],"line":53},"3":{"loc":{"start":{"line":55,"column":8},"end":{"line":67,"column":9}},"type":"if","locations":[{"start":{"line":55,"column":8},"end":{"line":67,"column":9}},{"start":{"line":62,"column":15},"end":{"line":67,"column":9}}],"line":55},"4":{"loc":{"start":{"line":56,"column":12},"end":{"line":61,"column":13}},"type":"if","locations":[{"start":{"line":56,"column":12},"end":{"line":61,"column":13}},{"start":{"line":58,"column":19},"end":{"line":61,"column":13}}],"line":56},"5":{"loc":{"start":{"line":58,"column":19},"end":{"line":61,"column":13}},"type":"if","locations":[{"start":{"line":58,"column":19},"end":{"line":61,"column":13}},{"start":{},"end":{}}],"line":58},"6":{"loc":{"start":{"line":64,"column":12},"end":{"line":66,"column":13}},"type":"if","locations":[{"start":{"line":64,"column":12},"end":{"line":66,"column":13}},{"start":{},"end":{}}],"line":64},"7":{"loc":{"start":{"line":75,"column":12},"end":{"line":77,"column":13}},"type":"if","locations":[{"start":{"line":75,"column":12},"end":{"line":77,"column":13}},{"start":{},"end":{}}],"line":75},"8":{"loc":{"start":{"line":75,"column":16},"end":{"line":75,"column":62}},"type":"binary-expr","locations":[{"start":{"line":75,"column":16},"end":{"line":75,"column":29}},{"start":{"line":75,"column":33},"end":{"line":75,"column":46}},{"start":{"line":75,"column":50},"end":{"line":75,"column":62}}],"line":75},"9":{"loc":{"start":{"line":84,"column":8},"end":{"line":84,"column":27}},"type":"if","locations":[{"start":{"line":84,"column":8},"end":{"line":84,"column":27}},{"start":{},"end":{}}],"line":84},"10":{"loc":{"start":{"line":87,"column":8},"end":{"line":91,"column":9}},"type":"if","locations":[{"start":{"line":87,"column":8},"end":{"line":91,"column":9}},{"start":{"line":89,"column":15},"end":{"line":91,"column":9}}],"line":87},"11":{"loc":{"start":{"line":89,"column":15},"end":{"line":91,"column":9}},"type":"if","locations":[{"start":{"line":89,"column":15},"end":{"line":91,"column":9}},{"start":{},"end":{}}],"line":89},"12":{"loc":{"start":{"line":95,"column":8},"end":{"line":97,"column":9}},"type":"if","locations":[{"start":{"line":95,"column":8},"end":{"line":97,"column":9}},{"start":{},"end":{}}],"line":95},"13":{"loc":{"start":{"line":99,"column":8},"end":{"line":99,"column":37}},"type":"if","locations":[{"start":{"line":99,"column":8},"end":{"line":99,"column":37}},{"start":{},"end":{}}],"line":99},"14":{"loc":{"start":{"line":104,"column":8},"end":{"line":121,"column":9}},"type":"if","locations":[{"start":{"line":104,"column":8},"end":{"line":121,"column":9}},{"start":{"line":112,"column":15},"end":{"line":121,"column":9}}],"line":104},"15":{"loc":{"start":{"line":112,"column":15},"end":{"line":121,"column":9}},"type":"if","locations":[{"start":{"line":112,"column":15},"end":{"line":121,"column":9}},{"start":{},"end":{}}],"line":112},"16":{"loc":{"start":{"line":112,"column":19},"end":{"line":112,"column":53}},"type":"binary-expr","locations":[{"start":{"line":112,"column":19},"end":{"line":112,"column":32}},{"start":{"line":112,"column":36},"end":{"line":112,"column":53}}],"line":112},"17":{"loc":{"start":{"line":118,"column":12},"end":{"line":120,"column":13}},"type":"if","locations":[{"start":{"line":118,"column":12},"end":{"line":120,"column":13}},{"start":{},"end":{}}],"line":118}},"s":{"0":8,"1":8,"2":8,"3":8,"4":8,"5":8,"6":39,"7":39,"8":39,"9":39,"10":39,"11":0,"12":17,"13":15,"14":15,"15":15,"16":11,"17":15,"18":15,"19":15,"20":22,"21":22,"22":22,"23":22,"24":22,"25":15,"26":15,"27":15,"28":22,"29":15,"30":6,"31":1,"32":5,"33":1,"34":9,"35":8,"36":15,"37":37,"38":37,"39":261,"40":261,"41":22,"42":15,"43":22,"44":22,"45":0,"46":22,"47":5,"48":17,"49":0,"50":22,"51":22,"52":0,"53":22,"54":9,"55":13,"56":13,"57":3,"58":3,"59":3,"60":3,"61":3,"62":10,"63":2,"64":2,"65":2,"66":1,"67":1},"f":{"0":8,"1":39,"2":0,"3":17,"4":15,"5":22,"6":37,"7":22,"8":1},"b":{"0":[11,4],"1":[15,11],"2":[15,6],"3":[6,9],"4":[1,5],"5":[1,4],"6":[8,1],"7":[22,239],"8":[261,248,248],"9":[0,22],"10":[5,17],"11":[0,17],"12":[0,22],"13":[9,13],"14":[3,10],"15":[2,8],"16":[10,2],"17":[1,1]},"_coverageSchema":"1a1c01bbd47fc00a2c39e90264f33305004495a9","hash":"8f40e4648820bb83f98a0bfbc4b4efa63d45d9ca"}
,"/Users/ismailimamoglu/Desktop/MotoCortex/src/core/parser/ELMParser.ts": {"path":"/Users/ismailimamoglu/Desktop/MotoCortex/src/core/parser/ELMParser.ts","statementMap":{"0":{"start":{"line":8,"column":31},"end":{"line":14,"column":1}},"1":{"start":{"line":16,"column":56},"end":{"line":28,"column":1}},"2":{"start":{"line":35,"column":8},"end":{"line":35,"column":34}},"3":{"start":{"line":36,"column":8},"end":{"line":36,"column":36}},"4":{"start":{"line":40,"column":8},"end":{"line":40,"column":39}},"5":{"start":{"line":41,"column":8},"end":{"line":41,"column":36}},"6":{"start":{"line":45,"column":8},"end":{"line":45,"column":40}},"7":{"start":{"line":46,"column":24},"end":{"line":46,"column":53}},"8":{"start":{"line":47,"column":26},"end":{"line":47,"column":67}},"9":{"start":{"line":50,"column":8},"end":{"line":53,"column":9}},"10":{"start":{"line":51,"column":12},"end":{"line":51,"column":43}},"11":{"start":{"line":52,"column":12},"end":{"line":52,"column":30}},"12":{"start":{"line":56,"column":28},"end":{"line":56,"column":33}},"13":{"start":{"line":57,"column":30},"end":{"line":57,"column":32}},"14":{"start":{"line":59,"column":8},"end":{"line":68,"column":9}},"15":{"start":{"line":60,"column":31},"end":{"line":60,"column":70}},"16":{"start":{"line":61,"column":12},"end":{"line":67,"column":13}},"17":{"start":{"line":62,"column":16},"end":{"line":62,"column":37}},"18":{"start":{"line":63,"column":33},"end":{"line":63,"column":61}},"19":{"start":{"line":64,"column":16},"end":{"line":66,"column":17}},"20":{"start":{"line":65,"column":20},"end":{"line":65,"column":47}},"21":{"start":{"line":70,"column":8},"end":{"line":72,"column":9}},"22":{"start":{"line":71,"column":12},"end":{"line":71,"column":49}},"23":{"start":{"line":74,"column":8},"end":{"line":74,"column":26}},"24":{"start":{"line":78,"column":8},"end":{"line":78,"column":38}},"25":{"start":{"line":82,"column":8},"end":{"line":82,"column":26}},"26":{"start":{"line":87,"column":20},"end":{"line":87,"column":38}},"27":{"start":{"line":88,"column":8},"end":{"line":90,"column":9}},"28":{"start":{"line":89,"column":12},"end":{"line":89,"column":64}},"29":{"start":{"line":92,"column":22},"end":{"line":92,"column":44}},"30":{"start":{"line":93,"column":25},"end":{"line":93,"column":66}},"31":{"start":{"line":94,"column":40},"end":{"line":94,"column":42}},"32":{"start":{"line":96,"column":8},"end":{"line":108,"column":9}},"33":{"start":{"line":97,"column":32},"end":{"line":97,"column":43}},"34":{"start":{"line":98,"column":12},"end":{"line":98,"column":39}},"35":{"start":{"line":98,"column":30},"end":{"line":98,"column":39}},"36":{"start":{"line":100,"column":30},"end":{"line":100,"column":75}},"37":{"start":{"line":103,"column":12},"end":{"line":105,"column":13}},"38":{"start":{"line":104,"column":16},"end":{"line":104,"column":25}},"39":{"start":{"line":107,"column":12},"end":{"line":107,"column":44}},"40":{"start":{"line":110,"column":8},"end":{"line":110,"column":40}}},"fnMap":{"0":{"name":"(anonymous_0)","decl":{"start":{"line":34,"column":4},"end":{"line":34,"column":5}},"loc":{"start":{"line":34,"column":18},"end":{"line":37,"column":5}},"line":34},"1":{"name":"(anonymous_1)","decl":{"start":{"line":39,"column":4},"end":{"line":39,"column":5}},"loc":{"start":{"line":39,"column":19},"end":{"line":42,"column":5}},"line":39},"2":{"name":"(anonymous_2)","decl":{"start":{"line":44,"column":4},"end":{"line":44,"column":5}},"loc":{"start":{"line":44,"column":40},"end":{"line":75,"column":5}},"line":44},"3":{"name":"(anonymous_3)","decl":{"start":{"line":77,"column":4},"end":{"line":77,"column":5}},"loc":{"start":{"line":77,"column":29},"end":{"line":79,"column":5}},"line":77},"4":{"name":"(anonymous_4)","decl":{"start":{"line":81,"column":4},"end":{"line":81,"column":5}},"loc":{"start":{"line":81,"column":24},"end":{"line":83,"column":5}},"line":81},"5":{"name":"(anonymous_5)","decl":{"start":{"line":85,"column":4},"end":{"line":85,"column":5}},"loc":{"start":{"line":85,"column":59},"end":{"line":111,"column":5}},"line":85}},"branchMap":{"0":{"loc":{"start":{"line":50,"column":8},"end":{"line":53,"column":9}},"type":"if","locations":[{"start":{"line":50,"column":8},"end":{"line":53,"column":9}},{"start":{},"end":{}}],"line":50},"1":{"loc":{"start":{"line":50,"column":12},"end":{"line":50,"column":86}},"type":"binary-expr","locations":[{"start":{"line":50,"column":12},"end":{"line":50,"column":43}},{"start":{"line":50,"column":47},"end":{"line":50,"column":86}}],"line":50},"2":{"loc":{"start":{"line":61,"column":12},"end":{"line":67,"column":13}},"type":"if","locations":[{"start":{"line":61,"column":12},"end":{"line":67,"column":13}},{"start":{},"end":{}}],"line":61},"3":{"loc":{"start":{"line":63,"column":33},"end":{"line":63,"column":61}},"type":"binary-expr","locations":[{"start":{"line":63,"column":33},"end":{"line":63,"column":56}},{"start":{"line":63,"column":60},"end":{"line":63,"column":61}}],"line":63},"4":{"loc":{"start":{"line":64,"column":16},"end":{"line":66,"column":17}},"type":"if","locations":[{"start":{"line":64,"column":16},"end":{"line":66,"column":17}},{"start":{},"end":{}}],"line":64},"5":{"loc":{"start":{"line":70,"column":8},"end":{"line":72,"column":9}},"type":"if","locations":[{"start":{"line":70,"column":8},"end":{"line":72,"column":9}},{"start":{},"end":{}}],"line":70},"6":{"loc":{"start":{"line":70,"column":12},"end":{"line":70,"column":50}},"type":"binary-expr","locations":[{"start":{"line":70,"column":12},"end":{"line":70,"column":25}},{"start":{"line":70,"column":29},"end":{"line":70,"column":50}}],"line":70},"7":{"loc":{"start":{"line":88,"column":8},"end":{"line":90,"column":9}},"type":"if","locations":[{"start":{"line":88,"column":8},"end":{"line":90,"column":9}},{"start":{},"end":{}}],"line":88},"8":{"loc":{"start":{"line":98,"column":12},"end":{"line":98,"column":39}},"type":"if","locations":[{"start":{"line":98,"column":12},"end":{"line":98,"column":39}},{"start":{},"end":{}}],"line":98},"9":{"loc":{"start":{"line":103,"column":12},"end":{"line":105,"column":13}},"type":"if","locations":[{"start":{"line":103,"column":12},"end":{"line":105,"column":13}},{"start":{},"end":{}}],"line":103},"10":{"loc":{"start":{"line":103,"column":16},"end":{"line":103,"column":68}},"type":"binary-expr","locations":[{"start":{"line":103,"column":16},"end":{"line":103,"column":38}},{"start":{"line":103,"column":42},"end":{"line":103,"column":68}}],"line":103}},"s":{"0":3,"1":3,"2":12,"3":12,"4":13,"5":13,"6":11,"7":11,"8":11,"9":11,"10":1,"11":1,"12":10,"13":10,"14":10,"15":150,"16":150,"17":11,"18":11,"19":11,"20":10,"21":10,"22":9,"23":10,"24":24,"25":1,"26":11,"27":11,"28":11,"29":11,"30":11,"31":11,"32":11,"33":15,"34":15,"35":0,"36":15,"37":15,"38":3,"39":12,"40":11},"f":{"0":12,"1":13,"2":11,"3":24,"4":1,"5":11},"b":{"0":[1,10],"1":[11,1],"2":[11,139],"3":[11,0],"4":[10,1],"5":[9,1],"6":[10,1],"7":[11,0],"8":[0,15],"9":[3,12],"10":[15,12]},"_coverageSchema":"1a1c01bbd47fc00a2c39e90264f33305004495a9","hash":"e456cf9e5cc3922ec5a2c2ceb87fed8836bb5c84"}
,"/Users/ismailimamoglu/Desktop/MotoCortex/src/core/parser/FlowControlManager.ts": {"path":"/Users/ismailimamoglu/Desktop/MotoCortex/src/core/parser/FlowControlManager.ts","statementMap":{"0":{"start":{"line":6,"column":22},"end":{"line":6,"column":50}},"1":{"start":{"line":8,"column":22},"end":{"line":8,"column":59}},"2":{"start":{"line":10,"column":8},"end":{"line":17,"column":9}},"3":{"start":{"line":11,"column":12},"end":{"line":11,"column":59}},"4":{"start":{"line":13,"column":26},"end":{"line":13,"column":54}},"5":{"start":{"line":14,"column":12},"end":{"line":16,"column":13}},"6":{"start":{"line":15,"column":16},"end":{"line":15,"column":57}},"7":{"start":{"line":20,"column":8},"end":{"line":22,"column":9}},"8":{"start":{"line":21,"column":12},"end":{"line":21,"column":25}},"9":{"start":{"line":24,"column":8},"end":{"line":30,"column":9}},"10":{"start":{"line":25,"column":26},"end":{"line":25,"column":64}},"11":{"start":{"line":27,"column":12},"end":{"line":29,"column":13}},"12":{"start":{"line":28,"column":16},"end":{"line":28,"column":28}},"13":{"start":{"line":32,"column":8},"end":{"line":32,"column":21}}},"fnMap":{"0":{"name":"(anonymous_0)","decl":{"start":{"line":5,"column":4},"end":{"line":5,"column":5}},"loc":{"start":{"line":5,"column":68},"end":{"line":33,"column":5}},"line":5}},"branchMap":{"0":{"loc":{"start":{"line":10,"column":8},"end":{"line":17,"column":9}},"type":"if","locations":[{"start":{"line":10,"column":8},"end":{"line":17,"column":9}},{"start":{"line":12,"column":15},"end":{"line":17,"column":9}}],"line":10},"1":{"loc":{"start":{"line":14,"column":12},"end":{"line":16,"column":13}},"type":"if","locations":[{"start":{"line":14,"column":12},"end":{"line":16,"column":13}},{"start":{},"end":{}}],"line":14},"2":{"loc":{"start":{"line":20,"column":8},"end":{"line":22,"column":9}},"type":"if","locations":[{"start":{"line":20,"column":8},"end":{"line":22,"column":9}},{"start":{},"end":{}}],"line":20},"3":{"loc":{"start":{"line":27,"column":12},"end":{"line":29,"column":13}},"type":"if","locations":[{"start":{"line":27,"column":12},"end":{"line":29,"column":13}},{"start":{},"end":{}}],"line":27}},"s":{"0":11,"1":11,"2":11,"3":1,"4":10,"5":10,"6":8,"7":11,"8":3,"9":8,"10":9,"11":9,"12":5,"13":3},"f":{"0":11},"b":{"0":[1,10],"1":[8,2],"2":[3,8],"3":[5,4]},"_coverageSchema":"1a1c01bbd47fc00a2c39e90264f33305004495a9","hash":"ef8898159bf5ff64fbca9beb1f97eac96feb7ce6"}
,"/Users/ismailimamoglu/Desktop/MotoCortex/src/core/parser/ISOTPDecoder.ts": {"path":"/Users/ismailimamoglu/Desktop/MotoCortex/src/core/parser/ISOTPDecoder.ts","statementMap":{"0":{"start":{"line":3,"column":27},"end":{"line":3,"column":32}},"1":{"start":{"line":4,"column":26},"end":{"line":4,"column":27}},"2":{"start":{"line":5,"column":29},"end":{"line":5,"column":31}},"3":{"start":{"line":7,"column":44},"end":{"line":7,"column":46}},"4":{"start":{"line":9,"column":8},"end":{"line":58,"column":9}},"5":{"start":{"line":10,"column":28},"end":{"line":10,"column":66}},"6":{"start":{"line":11,"column":12},"end":{"line":11,"column":37}},"7":{"start":{"line":11,"column":28},"end":{"line":11,"column":37}},"8":{"start":{"line":14,"column":12},"end":{"line":22,"column":13}},"9":{"start":{"line":15,"column":16},"end":{"line":15,"column":51}},"10":{"start":{"line":16,"column":19},"end":{"line":22,"column":13}},"11":{"start":{"line":17,"column":16},"end":{"line":17,"column":25}},"12":{"start":{"line":18,"column":19},"end":{"line":22,"column":13}},"13":{"start":{"line":19,"column":16},"end":{"line":19,"column":51}},"14":{"start":{"line":20,"column":19},"end":{"line":22,"column":13}},"15":{"start":{"line":21,"column":16},"end":{"line":21,"column":25}},"16":{"start":{"line":25,"column":31},"end":{"line":25,"column":57}},"17":{"start":{"line":26,"column":12},"end":{"line":28,"column":13}},"18":{"start":{"line":27,"column":16},"end":{"line":27,"column":70}},"19":{"start":{"line":30,"column":12},"end":{"line":30,"column":47}},"20":{"start":{"line":30,"column":38},"end":{"line":30,"column":47}},"21":{"start":{"line":33,"column":28},"end":{"line":33,"column":67}},"22":{"start":{"line":35,"column":12},"end":{"line":57,"column":13}},"23":{"start":{"line":37,"column":31},"end":{"line":37,"column":70}},"24":{"start":{"line":38,"column":16},"end":{"line":40,"column":17}},"25":{"start":{"line":39,"column":20},"end":{"line":39,"column":85}},"26":{"start":{"line":41,"column":19},"end":{"line":57,"column":13}},"27":{"start":{"line":43,"column":16},"end":{"line":43,"column":36}},"28":{"start":{"line":44,"column":16},"end":{"line":44,"column":70}},"29":{"start":{"line":45,"column":16},"end":{"line":45,"column":56}},"30":{"start":{"line":46,"column":19},"end":{"line":57,"column":13}},"31":{"start":{"line":48,"column":16},"end":{"line":50,"column":17}},"32":{"start":{"line":49,"column":20},"end":{"line":49,"column":61}},"33":{"start":{"line":51,"column":19},"end":{"line":57,"column":13}},"34":{"start":{"line":53,"column":16},"end":{"line":53,"column":25}},"35":{"start":{"line":56,"column":16},"end":{"line":56,"column":50}},"36":{"start":{"line":60,"column":8},"end":{"line":67,"column":9}},"37":{"start":{"line":62,"column":29},"end":{"line":62,"column":44}},"38":{"start":{"line":63,"column":12},"end":{"line":65,"column":13}},"39":{"start":{"line":64,"column":16},"end":{"line":64,"column":71}},"40":{"start":{"line":66,"column":12},"end":{"line":66,"column":51}},"41":{"start":{"line":69,"column":26},"end":{"line":69,"column":52}},"42":{"start":{"line":70,"column":36},"end":{"line":70,"column":38}},"43":{"start":{"line":71,"column":8},"end":{"line":73,"column":9}},"44":{"start":{"line":71,"column":21},"end":{"line":71,"column":22}},"45":{"start":{"line":72,"column":12},"end":{"line":72,"column":58}},"46":{"start":{"line":74,"column":8},"end":{"line":74,"column":35}}},"fnMap":{"0":{"name":"(anonymous_0)","decl":{"start":{"line":2,"column":4},"end":{"line":2,"column":5}},"loc":{"start":{"line":2,"column":36},"end":{"line":75,"column":5}},"line":2}},"branchMap":{"0":{"loc":{"start":{"line":11,"column":12},"end":{"line":11,"column":37}},"type":"if","locations":[{"start":{"line":11,"column":12},"end":{"line":11,"column":37}},{"start":{},"end":{}}],"line":11},"1":{"loc":{"start":{"line":14,"column":12},"end":{"line":22,"column":13}},"type":"if","locations":[{"start":{"line":14,"column":12},"end":{"line":22,"column":13}},{"start":{"line":16,"column":19},"end":{"line":22,"column":13}}],"line":14},"2":{"loc":{"start":{"line":16,"column":19},"end":{"line":22,"column":13}},"type":"if","locations":[{"start":{"line":16,"column":19},"end":{"line":22,"column":13}},{"start":{"line":18,"column":19},"end":{"line":22,"column":13}}],"line":16},"3":{"loc":{"start":{"line":16,"column":23},"end":{"line":16,"column":236}},"type":"binary-expr","locations":[{"start":{"line":16,"column":23},"end":{"line":16,"column":50}},{"start":{"line":16,"column":54},"end":{"line":16,"column":81}},{"start":{"line":16,"column":85},"end":{"line":16,"column":112}},{"start":{"line":16,"column":116},"end":{"line":16,"column":143}},{"start":{"line":16,"column":147},"end":{"line":16,"column":174}},{"start":{"line":16,"column":178},"end":{"line":16,"column":205}},{"start":{"line":16,"column":209},"end":{"line":16,"column":236}}],"line":16},"4":{"loc":{"start":{"line":18,"column":19},"end":{"line":22,"column":13}},"type":"if","locations":[{"start":{"line":18,"column":19},"end":{"line":22,"column":13}},{"start":{"line":20,"column":19},"end":{"line":22,"column":13}}],"line":18},"5":{"loc":{"start":{"line":20,"column":19},"end":{"line":22,"column":13}},"type":"if","locations":[{"start":{"line":20,"column":19},"end":{"line":22,"column":13}},{"start":{},"end":{}}],"line":20},"6":{"loc":{"start":{"line":26,"column":12},"end":{"line":28,"column":13}},"type":"if","locations":[{"start":{"line":26,"column":12},"end":{"line":28,"column":13}},{"start":{},"end":{}}],"line":26},"7":{"loc":{"start":{"line":30,"column":12},"end":{"line":30,"column":47}},"type":"if","locations":[{"start":{"line":30,"column":12},"end":{"line":30,"column":47}},{"start":{},"end":{}}],"line":30},"8":{"loc":{"start":{"line":35,"column":12},"end":{"line":57,"column":13}},"type":"if","locations":[{"start":{"line":35,"column":12},"end":{"line":57,"column":13}},{"start":{"line":41,"column":19},"end":{"line":57,"column":13}}],"line":35},"9":{"loc":{"start":{"line":38,"column":16},"end":{"line":40,"column":17}},"type":"if","locations":[{"start":{"line":38,"column":16},"end":{"line":40,"column":17}},{"start":{},"end":{}}],"line":38},"10":{"loc":{"start":{"line":38,"column":20},"end":{"line":38,"column":70}},"type":"binary-expr","locations":[{"start":{"line":38,"column":20},"end":{"line":38,"column":30}},{"start":{"line":38,"column":34},"end":{"line":38,"column":70}}],"line":38},"11":{"loc":{"start":{"line":41,"column":19},"end":{"line":57,"column":13}},"type":"if","locations":[{"start":{"line":41,"column":19},"end":{"line":57,"column":13}},{"start":{"line":46,"column":19},"end":{"line":57,"column":13}}],"line":41},"12":{"loc":{"start":{"line":46,"column":19},"end":{"line":57,"column":13}},"type":"if","locations":[{"start":{"line":46,"column":19},"end":{"line":57,"column":13}},{"start":{"line":51,"column":19},"end":{"line":57,"column":13}}],"line":46},"13":{"loc":{"start":{"line":48,"column":16},"end":{"line":50,"column":17}},"type":"if","locations":[{"start":{"line":48,"column":16},"end":{"line":50,"column":17}},{"start":{},"end":{}}],"line":48},"14":{"loc":{"start":{"line":51,"column":19},"end":{"line":57,"column":13}},"type":"if","locations":[{"start":{"line":51,"column":19},"end":{"line":57,"column":13}},{"start":{"line":54,"column":19},"end":{"line":57,"column":13}}],"line":51},"15":{"loc":{"start":{"line":60,"column":8},"end":{"line":67,"column":9}},"type":"if","locations":[{"start":{"line":60,"column":8},"end":{"line":67,"column":9}},{"start":{},"end":{}}],"line":60},"16":{"loc":{"start":{"line":60,"column":12},"end":{"line":60,"column":53}},"type":"binary-expr","locations":[{"start":{"line":60,"column":12},"end":{"line":60,"column":24}},{"start":{"line":60,"column":28},"end":{"line":60,"column":53}}],"line":60},"17":{"loc":{"start":{"line":63,"column":12},"end":{"line":65,"column":13}},"type":"if","locations":[{"start":{"line":63,"column":12},"end":{"line":65,"column":13}},{"start":{},"end":{}}],"line":63}},"s":{"0":10,"1":10,"2":10,"3":10,"4":10,"5":17,"6":17,"7":0,"8":17,"9":10,"10":7,"11":1,"12":6,"13":2,"14":4,"15":1,"16":15,"17":15,"18":2,"19":15,"20":0,"21":15,"22":15,"23":6,"24":6,"25":6,"26":9,"27":3,"28":3,"29":3,"30":6,"31":3,"32":3,"33":3,"34":1,"35":2,"36":10,"37":3,"38":3,"39":1,"40":3,"41":10,"42":10,"43":10,"44":10,"45":53,"46":10},"f":{"0":10},"b":{"0":[0,17],"1":[10,7],"2":[1,6],"3":[7,6,6,6,6,6,6],"4":[2,4],"5":[1,3],"6":[2,13],"7":[0,15],"8":[6,9],"9":[6,0],"10":[6,6],"11":[3,6],"12":[3,3],"13":[3,0],"14":[1,2],"15":[3,7],"16":[10,3],"17":[1,2]},"_coverageSchema":"1a1c01bbd47fc00a2c39e90264f33305004495a9","hash":"3f5c8aecb85d0d0d8ab9f70359cee8af68f41657"}
,"/Users/ismailimamoglu/Desktop/MotoCortex/src/core/parser/KWPFrameDecoder.ts": {"path":"/Users/ismailimamoglu/Desktop/MotoCortex/src/core/parser/KWPFrameDecoder.ts","statementMap":{"0":{"start":{"line":3,"column":44},"end":{"line":3,"column":46}},"1":{"start":{"line":5,"column":8},"end":{"line":56,"column":9}},"2":{"start":{"line":6,"column":30},"end":{"line":6,"column":68}},"3":{"start":{"line":7,"column":12},"end":{"line":7,"column":61}},"4":{"start":{"line":7,"column":52},"end":{"line":7,"column":61}},"5":{"start":{"line":9,"column":36},"end":{"line":9,"column":38}},"6":{"start":{"line":10,"column":12},"end":{"line":15,"column":13}},"7":{"start":{"line":10,"column":25},"end":{"line":10,"column":26}},"8":{"start":{"line":11,"column":26},"end":{"line":11,"column":69}},"9":{"start":{"line":12,"column":16},"end":{"line":14,"column":17}},"10":{"start":{"line":13,"column":20},"end":{"line":13,"column":34}},"11":{"start":{"line":17,"column":12},"end":{"line":17,"column":43}},"12":{"start":{"line":17,"column":34},"end":{"line":17,"column":43}},"13":{"start":{"line":20,"column":24},"end":{"line":20,"column":32}},"14":{"start":{"line":21,"column":39},"end":{"line":21,"column":79}},"15":{"start":{"line":23,"column":28},"end":{"line":23,"column":29}},"16":{"start":{"line":24,"column":12},"end":{"line":26,"column":13}},"17":{"start":{"line":25,"column":16},"end":{"line":25,"column":30}},"18":{"start":{"line":28,"column":27},"end":{"line":28,"column":37}},"19":{"start":{"line":29,"column":12},"end":{"line":31,"column":13}},"20":{"start":{"line":30,"column":16},"end":{"line":30,"column":31}},"21":{"start":{"line":34,"column":12},"end":{"line":55,"column":13}},"22":{"start":{"line":35,"column":32},"end":{"line":35,"column":48}},"23":{"start":{"line":36,"column":35},"end":{"line":36,"column":49}},"24":{"start":{"line":38,"column":26},"end":{"line":38,"column":27}},"25":{"start":{"line":39,"column":16},"end":{"line":41,"column":17}},"26":{"start":{"line":39,"column":29},"end":{"line":39,"column":30}},"27":{"start":{"line":40,"column":20},"end":{"line":40,"column":50}},"28":{"start":{"line":43,"column":16},"end":{"line":46,"column":17}},"29":{"start":{"line":45,"column":20},"end":{"line":45,"column":29}},"30":{"start":{"line":49,"column":37},"end":{"line":49,"column":68}},"31":{"start":{"line":50,"column":35},"end":{"line":50,"column":112}},"32":{"start":{"line":50,"column":57},"end":{"line":50,"column":102}},"33":{"start":{"line":51,"column":16},"end":{"line":51,"column":51}},"34":{"start":{"line":53,"column":35},"end":{"line":53,"column":105}},"35":{"start":{"line":53,"column":50},"end":{"line":53,"column":95}},"36":{"start":{"line":54,"column":16},"end":{"line":54,"column":51}},"37":{"start":{"line":58,"column":26},"end":{"line":58,"column":52}},"38":{"start":{"line":59,"column":36},"end":{"line":59,"column":38}},"39":{"start":{"line":60,"column":8},"end":{"line":62,"column":9}},"40":{"start":{"line":60,"column":21},"end":{"line":60,"column":22}},"41":{"start":{"line":61,"column":12},"end":{"line":61,"column":58}},"42":{"start":{"line":63,"column":8},"end":{"line":63,"column":35}}},"fnMap":{"0":{"name":"(anonymous_0)","decl":{"start":{"line":2,"column":4},"end":{"line":2,"column":5}},"loc":{"start":{"line":2,"column":36},"end":{"line":64,"column":5}},"line":2},"1":{"name":"(anonymous_1)","decl":{"start":{"line":50,"column":52},"end":{"line":50,"column":53}},"loc":{"start":{"line":50,"column":57},"end":{"line":50,"column":102}},"line":50},"2":{"name":"(anonymous_2)","decl":{"start":{"line":53,"column":45},"end":{"line":53,"column":46}},"loc":{"start":{"line":53,"column":50},"end":{"line":53,"column":95}},"line":53}},"branchMap":{"0":{"loc":{"start":{"line":7,"column":12},"end":{"line":7,"column":61}},"type":"if","locations":[{"start":{"line":7,"column":12},"end":{"line":7,"column":61}},{"start":{},"end":{}}],"line":7},"1":{"loc":{"start":{"line":7,"column":16},"end":{"line":7,"column":50}},"type":"binary-expr","locations":[{"start":{"line":7,"column":16},"end":{"line":7,"column":26}},{"start":{"line":7,"column":30},"end":{"line":7,"column":50}}],"line":7},"2":{"loc":{"start":{"line":12,"column":16},"end":{"line":14,"column":17}},"type":"if","locations":[{"start":{"line":12,"column":16},"end":{"line":14,"column":17}},{"start":{},"end":{}}],"line":12},"3":{"loc":{"start":{"line":17,"column":12},"end":{"line":17,"column":43}},"type":"if","locations":[{"start":{"line":17,"column":12},"end":{"line":17,"column":43}},{"start":{},"end":{}}],"line":17},"4":{"loc":{"start":{"line":21,"column":39},"end":{"line":21,"column":79}},"type":"binary-expr","locations":[{"start":{"line":21,"column":39},"end":{"line":21,"column":57}},{"start":{"line":21,"column":61},"end":{"line":21,"column":79}}],"line":21},"5":{"loc":{"start":{"line":24,"column":12},"end":{"line":26,"column":13}},"type":"if","locations":[{"start":{"line":24,"column":12},"end":{"line":26,"column":13}},{"start":{},"end":{}}],"line":24},"6":{"loc":{"start":{"line":29,"column":12},"end":{"line":31,"column":13}},"type":"if","locations":[{"start":{"line":29,"column":12},"end":{"line":31,"column":13}},{"start":{},"end":{}}],"line":29},"7":{"loc":{"start":{"line":29,"column":16},"end":{"line":29,"column":56}},"type":"binary-expr","locations":[{"start":{"line":29,"column":16},"end":{"line":29,"column":28}},{"start":{"line":29,"column":32},"end":{"line":29,"column":56}}],"line":29},"8":{"loc":{"start":{"line":34,"column":12},"end":{"line":55,"column":13}},"type":"if","locations":[{"start":{"line":34,"column":12},"end":{"line":55,"column":13}},{"start":{"line":52,"column":19},"end":{"line":55,"column":13}}],"line":34},"9":{"loc":{"start":{"line":43,"column":16},"end":{"line":46,"column":17}},"type":"if","locations":[{"start":{"line":43,"column":16},"end":{"line":46,"column":17}},{"start":{},"end":{}}],"line":43}},"s":{"0":10,"1":10,"2":13,"3":13,"4":2,"5":11,"6":11,"7":11,"8":46,"9":46,"10":46,"11":11,"12":0,"13":11,"14":11,"15":11,"16":11,"17":4,"18":11,"19":11,"20":2,"21":11,"22":9,"23":9,"24":9,"25":9,"26":9,"27":32,"28":9,"29":2,"30":7,"31":7,"32":14,"33":7,"34":2,"35":5,"36":2,"37":10,"38":10,"39":10,"40":10,"41":19,"42":10},"f":{"0":10,"1":14,"2":5},"b":{"0":[2,11],"1":[13,12],"2":[46,0],"3":[0,11],"4":[11,10],"5":[4,7],"6":[2,9],"7":[11,2],"8":[9,2],"9":[2,7]},"_coverageSchema":"1a1c01bbd47fc00a2c39e90264f33305004495a9","hash":"7e173712d9db994124e24e66ca6f8c0842f207ef"}
,"/Users/ismailimamoglu/Desktop/MotoCortex/src/core/queue/AdaptivePollingController.ts": {"path":"/Users/ismailimamoglu/Desktop/MotoCortex/src/core/queue/AdaptivePollingController.ts","statementMap":{"0":{"start":{"line":5,"column":36},"end":{"line":9,"column":1}},"1":{"start":{"line":12,"column":37},"end":{"line":12,"column":40}},"2":{"start":{"line":13,"column":33},"end":{"line":13,"column":36}},"3":{"start":{"line":14,"column":41},"end":{"line":14,"column":42}},"4":{"start":{"line":15,"column":27},"end":{"line":15,"column":30}},"5":{"start":{"line":21,"column":8},"end":{"line":21,"column":35}},"6":{"start":{"line":22,"column":8},"end":{"line":22,"column":31}},"7":{"start":{"line":23,"column":8},"end":{"line":23,"column":37}},"8":{"start":{"line":31,"column":22},"end":{"line":31,"column":50}},"9":{"start":{"line":32,"column":32},"end":{"line":32,"column":53}},"10":{"start":{"line":35,"column":8},"end":{"line":42,"column":9}},"11":{"start":{"line":40,"column":12},"end":{"line":40,"column":39}},"12":{"start":{"line":41,"column":12},"end":{"line":41,"column":23}},"13":{"start":{"line":44,"column":22},"end":{"line":44,"column":42}},"14":{"start":{"line":45,"column":26},"end":{"line":45,"column":44}},"15":{"start":{"line":46,"column":30},"end":{"line":46,"column":48}},"16":{"start":{"line":47,"column":28},"end":{"line":47,"column":75}},"17":{"start":{"line":48,"column":27},"end":{"line":48,"column":63}},"18":{"start":{"line":49,"column":27},"end":{"line":49,"column":60}},"19":{"start":{"line":52,"column":8},"end":{"line":52,"column":89}},"20":{"start":{"line":53,"column":8},"end":{"line":53,"column":106}},"21":{"start":{"line":56,"column":23},"end":{"line":56,"column":26}},"22":{"start":{"line":57,"column":8},"end":{"line":63,"column":9}},"23":{"start":{"line":58,"column":12},"end":{"line":58,"column":26}},"24":{"start":{"line":59,"column":15},"end":{"line":63,"column":9}},"25":{"start":{"line":60,"column":12},"end":{"line":60,"column":26}},"26":{"start":{"line":61,"column":15},"end":{"line":63,"column":9}},"27":{"start":{"line":62,"column":12},"end":{"line":62,"column":26}},"28":{"start":{"line":66,"column":27},"end":{"line":66,"column":30}},"29":{"start":{"line":67,"column":8},"end":{"line":73,"column":9}},"30":{"start":{"line":68,"column":12},"end":{"line":68,"column":29}},"31":{"start":{"line":69,"column":15},"end":{"line":73,"column":9}},"32":{"start":{"line":70,"column":12},"end":{"line":70,"column":30}},"33":{"start":{"line":71,"column":15},"end":{"line":73,"column":9}},"34":{"start":{"line":72,"column":12},"end":{"line":72,"column":30}},"35":{"start":{"line":76,"column":25},"end":{"line":76,"column":28}},"36":{"start":{"line":77,"column":8},"end":{"line":81,"column":9}},"37":{"start":{"line":78,"column":12},"end":{"line":78,"column":28}},"38":{"start":{"line":79,"column":15},"end":{"line":81,"column":9}},"39":{"start":{"line":80,"column":12},"end":{"line":80,"column":28}},"40":{"start":{"line":85,"column":12},"end":{"line":87,"column":51}},"41":{"start":{"line":90,"column":29},"end":{"line":90,"column":32}},"42":{"start":{"line":91,"column":8},"end":{"line":99,"column":9}},"43":{"start":{"line":92,"column":12},"end":{"line":92,"column":32}},"44":{"start":{"line":93,"column":15},"end":{"line":99,"column":9}},"45":{"start":{"line":94,"column":12},"end":{"line":94,"column":32}},"46":{"start":{"line":95,"column":15},"end":{"line":99,"column":9}},"47":{"start":{"line":96,"column":12},"end":{"line":96,"column":33}},"48":{"start":{"line":97,"column":15},"end":{"line":99,"column":9}},"49":{"start":{"line":98,"column":12},"end":{"line":98,"column":33}},"50":{"start":{"line":102,"column":21},"end":{"line":102,"column":68}},"51":{"start":{"line":103,"column":8},"end":{"line":105,"column":9}},"52":{"start":{"line":104,"column":12},"end":{"line":104,"column":50}},"53":{"start":{"line":107,"column":8},"end":{"line":107,"column":82}}},"fnMap":{"0":{"name":"(anonymous_0)","decl":{"start":{"line":20,"column":4},"end":{"line":20,"column":5}},"loc":{"start":{"line":20,"column":32},"end":{"line":24,"column":5}},"line":20},"1":{"name":"(anonymous_1)","decl":{"start":{"line":30,"column":4},"end":{"line":30,"column":5}},"loc":{"start":{"line":30,"column":81},"end":{"line":108,"column":5}},"line":30}},"branchMap":{"0":{"loc":{"start":{"line":30,"column":36},"end":{"line":30,"column":52}},"type":"default-arg","locations":[{"start":{"line":30,"column":50},"end":{"line":30,"column":52}}],"line":30},"1":{"loc":{"start":{"line":30,"column":54},"end":{"line":30,"column":71}},"type":"default-arg","locations":[{"start":{"line":30,"column":68},"end":{"line":30,"column":71}}],"line":30},"2":{"loc":{"start":{"line":35,"column":8},"end":{"line":42,"column":9}},"type":"if","locations":[{"start":{"line":35,"column":8},"end":{"line":42,"column":9}},{"start":{},"end":{}}],"line":35},"3":{"loc":{"start":{"line":36,"column":12},"end":{"line":38,"column":48}},"type":"binary-expr","locations":[{"start":{"line":36,"column":12},"end":{"line":36,"column":42}},{"start":{"line":37,"column":12},"end":{"line":37,"column":42}},{"start":{"line":38,"column":12},"end":{"line":38,"column":48}}],"line":36},"4":{"loc":{"start":{"line":47,"column":28},"end":{"line":47,"column":75}},"type":"cond-expr","locations":[{"start":{"line":47,"column":45},"end":{"line":47,"column":70}},{"start":{"line":47,"column":74},"end":{"line":47,"column":75}}],"line":47},"5":{"loc":{"start":{"line":57,"column":8},"end":{"line":63,"column":9}},"type":"if","locations":[{"start":{"line":57,"column":8},"end":{"line":63,"column":9}},{"start":{"line":59,"column":15},"end":{"line":63,"column":9}}],"line":57},"6":{"loc":{"start":{"line":59,"column":15},"end":{"line":63,"column":9}},"type":"if","locations":[{"start":{"line":59,"column":15},"end":{"line":63,"column":9}},{"start":{"line":61,"column":15},"end":{"line":63,"column":9}}],"line":59},"7":{"loc":{"start":{"line":61,"column":15},"end":{"line":63,"column":9}},"type":"if","locations":[{"start":{"line":61,"column":15},"end":{"line":63,"column":9}},{"start":{},"end":{}}],"line":61},"8":{"loc":{"start":{"line":67,"column":8},"end":{"line":73,"column":9}},"type":"if","locations":[{"start":{"line":67,"column":8},"end":{"line":73,"column":9}},{"start":{"line":69,"column":15},"end":{"line":73,"column":9}}],"line":67},"9":{"loc":{"start":{"line":69,"column":15},"end":{"line":73,"column":9}},"type":"if","locations":[{"start":{"line":69,"column":15},"end":{"line":73,"column":9}},{"start":{"line":71,"column":15},"end":{"line":73,"column":9}}],"line":69},"10":{"loc":{"start":{"line":71,"column":15},"end":{"line":73,"column":9}},"type":"if","locations":[{"start":{"line":71,"column":15},"end":{"line":73,"column":9}},{"start":{},"end":{}}],"line":71},"11":{"loc":{"start":{"line":77,"column":8},"end":{"line":81,"column":9}},"type":"if","locations":[{"start":{"line":77,"column":8},"end":{"line":81,"column":9}},{"start":{"line":79,"column":15},"end":{"line":81,"column":9}}],"line":77},"12":{"loc":{"start":{"line":79,"column":15},"end":{"line":81,"column":9}},"type":"if","locations":[{"start":{"line":79,"column":15},"end":{"line":81,"column":9}},{"start":{},"end":{}}],"line":79},"13":{"loc":{"start":{"line":91,"column":8},"end":{"line":99,"column":9}},"type":"if","locations":[{"start":{"line":91,"column":8},"end":{"line":99,"column":9}},{"start":{"line":93,"column":15},"end":{"line":99,"column":9}}],"line":91},"14":{"loc":{"start":{"line":93,"column":15},"end":{"line":99,"column":9}},"type":"if","locations":[{"start":{"line":93,"column":15},"end":{"line":99,"column":9}},{"start":{"line":95,"column":15},"end":{"line":99,"column":9}}],"line":93},"15":{"loc":{"start":{"line":95,"column":15},"end":{"line":99,"column":9}},"type":"if","locations":[{"start":{"line":95,"column":15},"end":{"line":99,"column":9}},{"start":{"line":97,"column":15},"end":{"line":99,"column":9}}],"line":95},"16":{"loc":{"start":{"line":97,"column":15},"end":{"line":99,"column":9}},"type":"if","locations":[{"start":{"line":97,"column":15},"end":{"line":99,"column":9}},{"start":{},"end":{}}],"line":97},"17":{"loc":{"start":{"line":103,"column":8},"end":{"line":105,"column":9}},"type":"if","locations":[{"start":{"line":103,"column":8},"end":{"line":105,"column":9}},{"start":{},"end":{}}],"line":103}},"s":{"0":1,"1":1,"2":1,"3":1,"4":1,"5":6,"6":6,"7":6,"8":21,"9":21,"10":21,"11":3,"12":3,"13":18,"14":18,"15":18,"16":18,"17":18,"18":18,"19":18,"20":18,"21":18,"22":18,"23":0,"24":18,"25":12,"26":6,"27":6,"28":18,"29":18,"30":0,"31":18,"32":12,"33":6,"34":3,"35":18,"36":18,"37":15,"38":3,"39":0,"40":18,"41":18,"42":18,"43":3,"44":15,"45":0,"46":15,"47":3,"48":12,"49":12,"50":18,"51":18,"52":4,"53":18},"f":{"0":6,"1":21},"b":{"0":[21],"1":[21],"2":[3,18],"3":[21,20,19],"4":[18,0],"5":[0,18],"6":[12,6],"7":[6,0],"8":[0,18],"9":[12,6],"10":[3,3],"11":[15,3],"12":[0,3],"13":[3,15],"14":[0,15],"15":[3,12],"16":[12,0],"17":[4,14]},"_coverageSchema":"1a1c01bbd47fc00a2c39e90264f33305004495a9","hash":"a1a838e0ae13346b07312e20a39a70b53822791f"}
,"/Users/ismailimamoglu/Desktop/MotoCortex/src/core/queue/CommandRateLimiter.ts": {"path":"/Users/ismailimamoglu/Desktop/MotoCortex/src/core/queue/CommandRateLimiter.ts","statementMap":{"0":{"start":{"line":7,"column":8},"end":{"line":7,"column":33}},"1":{"start":{"line":11,"column":22},"end":{"line":11,"column":50}},"2":{"start":{"line":13,"column":23},"end":{"line":13,"column":26}},"3":{"start":{"line":15,"column":8},"end":{"line":24,"column":9}},"4":{"start":{"line":16,"column":12},"end":{"line":16,"column":27}},"5":{"start":{"line":18,"column":26},"end":{"line":18,"column":54}},"6":{"start":{"line":19,"column":12},"end":{"line":23,"column":13}},"7":{"start":{"line":20,"column":16},"end":{"line":20,"column":30}},"8":{"start":{"line":21,"column":19},"end":{"line":23,"column":13}},"9":{"start":{"line":22,"column":16},"end":{"line":22,"column":31}},"10":{"start":{"line":26,"column":20},"end":{"line":26,"column":30}},"11":{"start":{"line":27,"column":24},"end":{"line":27,"column":50}},"12":{"start":{"line":28,"column":8},"end":{"line":31,"column":9}},"13":{"start":{"line":29,"column":29},"end":{"line":29,"column":47}},"14":{"start":{"line":30,"column":12},"end":{"line":30,"column":60}},"15":{"start":{"line":30,"column":35},"end":{"line":30,"column":58}},"16":{"start":{"line":32,"column":8},"end":{"line":32,"column":42}}},"fnMap":{"0":{"name":"(anonymous_0)","decl":{"start":{"line":6,"column":4},"end":{"line":6,"column":5}},"loc":{"start":{"line":6,"column":18},"end":{"line":8,"column":5}},"line":6},"1":{"name":"(anonymous_1)","decl":{"start":{"line":10,"column":4},"end":{"line":10,"column":5}},"loc":{"start":{"line":10,"column":32},"end":{"line":33,"column":5}},"line":10},"2":{"name":"(anonymous_2)","decl":{"start":{"line":30,"column":30},"end":{"line":30,"column":31}},"loc":{"start":{"line":30,"column":35},"end":{"line":30,"column":58}},"line":30}},"branchMap":{"0":{"loc":{"start":{"line":15,"column":8},"end":{"line":24,"column":9}},"type":"if","locations":[{"start":{"line":15,"column":8},"end":{"line":24,"column":9}},{"start":{"line":17,"column":15},"end":{"line":24,"column":9}}],"line":15},"1":{"loc":{"start":{"line":19,"column":12},"end":{"line":23,"column":13}},"type":"if","locations":[{"start":{"line":19,"column":12},"end":{"line":23,"column":13}},{"start":{"line":21,"column":19},"end":{"line":23,"column":13}}],"line":19},"2":{"loc":{"start":{"line":21,"column":19},"end":{"line":23,"column":13}},"type":"if","locations":[{"start":{"line":21,"column":19},"end":{"line":23,"column":13}},{"start":{},"end":{}}],"line":21},"3":{"loc":{"start":{"line":28,"column":8},"end":{"line":31,"column":9}},"type":"if","locations":[{"start":{"line":28,"column":8},"end":{"line":31,"column":9}},{"start":{},"end":{}}],"line":28}},"s":{"0":2,"1":30,"2":30,"3":30,"4":0,"5":30,"6":30,"7":0,"8":30,"9":0,"10":30,"11":30,"12":30,"13":28,"14":28,"15":28,"16":30},"f":{"0":2,"1":30,"2":28},"b":{"0":[0,30],"1":[0,30],"2":[0,30],"3":[28,2]},"_coverageSchema":"1a1c01bbd47fc00a2c39e90264f33305004495a9","hash":"32bc9580cbea9a3c650aa4c7e747eda3302baf42"}
,"/Users/ismailimamoglu/Desktop/MotoCortex/src/core/queue/CommandScheduler.ts": {"path":"/Users/ismailimamoglu/Desktop/MotoCortex/src/core/queue/CommandScheduler.ts","statementMap":{"0":{"start":{"line":32,"column":8},"end":{"line":32,"column":24}},"1":{"start":{"line":33,"column":8},"end":{"line":33,"column":41}},"2":{"start":{"line":34,"column":8},"end":{"line":34,"column":34}},"3":{"start":{"line":35,"column":8},"end":{"line":35,"column":30}},"4":{"start":{"line":36,"column":8},"end":{"line":36,"column":36}},"5":{"start":{"line":37,"column":8},"end":{"line":37,"column":41}},"6":{"start":{"line":38,"column":8},"end":{"line":38,"column":32}},"7":{"start":{"line":39,"column":8},"end":{"line":39,"column":31}},"8":{"start":{"line":43,"column":8},"end":{"line":43,"column":30}},"9":{"start":{"line":47,"column":8},"end":{"line":66,"column":11}},"10":{"start":{"line":48,"column":26},"end":{"line":48,"column":54}},"11":{"start":{"line":49,"column":39},"end":{"line":49,"column":61}},"12":{"start":{"line":52,"column":29},"end":{"line":54,"column":35}},"13":{"start":{"line":56,"column":36},"end":{"line":56,"column":112}},"14":{"start":{"line":59,"column":12},"end":{"line":62,"column":13}},"15":{"start":{"line":60,"column":16},"end":{"line":60,"column":81}},"16":{"start":{"line":61,"column":16},"end":{"line":61,"column":23}},"17":{"start":{"line":64,"column":12},"end":{"line":64,"column":34}},"18":{"start":{"line":65,"column":12},"end":{"line":65,"column":27}},"19":{"start":{"line":70,"column":8},"end":{"line":70,"column":38}},"20":{"start":{"line":70,"column":31},"end":{"line":70,"column":38}},"21":{"start":{"line":71,"column":8},"end":{"line":71,"column":33}},"22":{"start":{"line":72,"column":8},"end":{"line":72,"column":27}},"23":{"start":{"line":76,"column":8},"end":{"line":115,"column":9}},"24":{"start":{"line":78,"column":12},"end":{"line":83,"column":15}},"25":{"start":{"line":79,"column":16},"end":{"line":81,"column":17}},"26":{"start":{"line":80,"column":20},"end":{"line":80,"column":51}},"27":{"start":{"line":82,"column":16},"end":{"line":82,"column":61}},"28":{"start":{"line":85,"column":25},"end":{"line":85,"column":43}},"29":{"start":{"line":86,"column":12},"end":{"line":86,"column":29}},"30":{"start":{"line":86,"column":23},"end":{"line":86,"column":29}},"31":{"start":{"line":87,"column":12},"end":{"line":87,"column":35}},"32":{"start":{"line":89,"column":12},"end":{"line":114,"column":13}},"33":{"start":{"line":90,"column":16},"end":{"line":110,"column":17}},"34":{"start":{"line":92,"column":20},"end":{"line":92,"column":52}},"35":{"start":{"line":94,"column":20},"end":{"line":96,"column":21}},"36":{"start":{"line":95,"column":24},"end":{"line":95,"column":61}},"37":{"start":{"line":98,"column":35},"end":{"line":98,"column":87}},"38":{"start":{"line":99,"column":20},"end":{"line":99,"column":41}},"39":{"start":{"line":100,"column":20},"end":{"line":102,"column":21}},"40":{"start":{"line":101,"column":24},"end":{"line":101,"column":45}},"41":{"start":{"line":104,"column":20},"end":{"line":104,"column":44}},"42":{"start":{"line":105,"column":20},"end":{"line":107,"column":21}},"43":{"start":{"line":106,"column":24},"end":{"line":106,"column":41}},"44":{"start":{"line":109,"column":20},"end":{"line":109,"column":43}},"45":{"start":{"line":112,"column":16},"end":{"line":112,"column":78}},"46":{"start":{"line":113,"column":16},"end":{"line":113,"column":39}},"47":{"start":{"line":116,"column":8},"end":{"line":116,"column":34}},"48":{"start":{"line":120,"column":8},"end":{"line":120,"column":39}},"49":{"start":{"line":121,"column":8},"end":{"line":125,"column":9}},"50":{"start":{"line":122,"column":12},"end":{"line":122,"column":45}},"51":{"start":{"line":123,"column":12},"end":{"line":123,"column":34}},"52":{"start":{"line":124,"column":12},"end":{"line":124,"column":118}},"53":{"start":{"line":129,"column":26},"end":{"line":129,"column":77}},"54":{"start":{"line":130,"column":8},"end":{"line":145,"column":9}},"55":{"start":{"line":131,"column":24},"end":{"line":131,"column":34}},"56":{"start":{"line":132,"column":12},"end":{"line":137,"column":13}},"57":{"start":{"line":133,"column":16},"end":{"line":133,"column":46}},"58":{"start":{"line":134,"column":16},"end":{"line":134,"column":38}},"59":{"start":{"line":136,"column":16},"end":{"line":136,"column":36}},"60":{"start":{"line":140,"column":12},"end":{"line":144,"column":13}},"61":{"start":{"line":141,"column":16},"end":{"line":141,"column":51}},"62":{"start":{"line":142,"column":16},"end":{"line":142,"column":49}},"63":{"start":{"line":143,"column":16},"end":{"line":143,"column":115}},"64":{"start":{"line":149,"column":8},"end":{"line":149,"column":25}},"65":{"start":{"line":153,"column":8},"end":{"line":153,"column":33}},"66":{"start":{"line":157,"column":26},"end":{"line":157,"column":41}},"67":{"start":{"line":158,"column":8},"end":{"line":158,"column":24}},"68":{"start":{"line":159,"column":8},"end":{"line":159,"column":59}},"69":{"start":{"line":159,"column":34},"end":{"line":159,"column":57}},"70":{"start":{"line":161,"column":8},"end":{"line":166,"column":9}},"71":{"start":{"line":162,"column":12},"end":{"line":164,"column":22}},"72":{"start":{"line":163,"column":16},"end":{"line":163,"column":52}},"73":{"start":{"line":165,"column":12},"end":{"line":165,"column":35}}},"fnMap":{"0":{"name":"(anonymous_0)","decl":{"start":{"line":31,"column":4},"end":{"line":31,"column":5}},"loc":{"start":{"line":31,"column":18},"end":{"line":40,"column":5}},"line":31},"1":{"name":"(anonymous_1)","decl":{"start":{"line":42,"column":4},"end":{"line":42,"column":5}},"loc":{"start":{"line":42,"column":87},"end":{"line":44,"column":5}},"line":42},"2":{"name":"(anonymous_2)","decl":{"start":{"line":46,"column":4},"end":{"line":46,"column":5}},"loc":{"start":{"line":46,"column":116},"end":{"line":67,"column":5}},"line":46},"3":{"name":"(anonymous_3)","decl":{"start":{"line":47,"column":35},"end":{"line":47,"column":36}},"loc":{"start":{"line":47,"column":56},"end":{"line":66,"column":9}},"line":47},"4":{"name":"(anonymous_4)","decl":{"start":{"line":69,"column":4},"end":{"line":69,"column":5}},"loc":{"start":{"line":69,"column":22},"end":{"line":73,"column":5}},"line":69},"5":{"name":"(anonymous_5)","decl":{"start":{"line":75,"column":4},"end":{"line":75,"column":5}},"loc":{"start":{"line":75,"column":32},"end":{"line":117,"column":5}},"line":75},"6":{"name":"(anonymous_6)","decl":{"start":{"line":78,"column":28},"end":{"line":78,"column":29}},"loc":{"start":{"line":78,"column":38},"end":{"line":83,"column":13}},"line":78},"7":{"name":"(anonymous_7)","decl":{"start":{"line":119,"column":4},"end":{"line":119,"column":5}},"loc":{"start":{"line":119,"column":28},"end":{"line":126,"column":5}},"line":119},"8":{"name":"(anonymous_8)","decl":{"start":{"line":128,"column":4},"end":{"line":128,"column":5}},"loc":{"start":{"line":128,"column":38},"end":{"line":146,"column":5}},"line":128},"9":{"name":"(anonymous_9)","decl":{"start":{"line":148,"column":4},"end":{"line":148,"column":5}},"loc":{"start":{"line":148,"column":29},"end":{"line":150,"column":5}},"line":148},"10":{"name":"(anonymous_10)","decl":{"start":{"line":152,"column":4},"end":{"line":152,"column":5}},"loc":{"start":{"line":152,"column":29},"end":{"line":154,"column":5}},"line":152},"11":{"name":"(anonymous_11)","decl":{"start":{"line":156,"column":4},"end":{"line":156,"column":5}},"loc":{"start":{"line":156,"column":49},"end":{"line":167,"column":5}},"line":156},"12":{"name":"(anonymous_12)","decl":{"start":{"line":159,"column":26},"end":{"line":159,"column":27}},"loc":{"start":{"line":159,"column":34},"end":{"line":159,"column":57}},"line":159}},"branchMap":{"0":{"loc":{"start":{"line":46,"column":25},"end":{"line":46,"column":57}},"type":"default-arg","locations":[{"start":{"line":46,"column":52},"end":{"line":46,"column":57}}],"line":46},"1":{"loc":{"start":{"line":46,"column":59},"end":{"line":46,"column":79}},"type":"default-arg","locations":[{"start":{"line":46,"column":77},"end":{"line":46,"column":79}}],"line":46},"2":{"loc":{"start":{"line":46,"column":81},"end":{"line":46,"column":97}},"type":"default-arg","locations":[{"start":{"line":46,"column":93},"end":{"line":46,"column":97}}],"line":46},"3":{"loc":{"start":{"line":49,"column":39},"end":{"line":49,"column":61}},"type":"binary-expr","locations":[{"start":{"line":49,"column":39},"end":{"line":49,"column":54}},{"start":{"line":49,"column":58},"end":{"line":49,"column":61}}],"line":49},"4":{"loc":{"start":{"line":52,"column":29},"end":{"line":54,"column":35}},"type":"cond-expr","locations":[{"start":{"line":53,"column":18},"end":{"line":53,"column":55}},{"start":{"line":54,"column":18},"end":{"line":54,"column":35}}],"line":52},"5":{"loc":{"start":{"line":59,"column":12},"end":{"line":62,"column":13}},"type":"if","locations":[{"start":{"line":59,"column":12},"end":{"line":62,"column":13}},{"start":{},"end":{}}],"line":59},"6":{"loc":{"start":{"line":59,"column":16},"end":{"line":59,"column":74}},"type":"binary-expr","locations":[{"start":{"line":59,"column":16},"end":{"line":59,"column":52}},{"start":{"line":59,"column":56},"end":{"line":59,"column":74}}],"line":59},"7":{"loc":{"start":{"line":70,"column":8},"end":{"line":70,"column":38}},"type":"if","locations":[{"start":{"line":70,"column":8},"end":{"line":70,"column":38}},{"start":{},"end":{}}],"line":70},"8":{"loc":{"start":{"line":79,"column":16},"end":{"line":81,"column":17}},"type":"if","locations":[{"start":{"line":79,"column":16},"end":{"line":81,"column":17}},{"start":{},"end":{}}],"line":79},"9":{"loc":{"start":{"line":86,"column":12},"end":{"line":86,"column":29}},"type":"if","locations":[{"start":{"line":86,"column":12},"end":{"line":86,"column":29}},{"start":{},"end":{}}],"line":86},"10":{"loc":{"start":{"line":89,"column":12},"end":{"line":114,"column":13}},"type":"if","locations":[{"start":{"line":89,"column":12},"end":{"line":114,"column":13}},{"start":{"line":111,"column":19},"end":{"line":114,"column":13}}],"line":89},"11":{"loc":{"start":{"line":94,"column":20},"end":{"line":96,"column":21}},"type":"if","locations":[{"start":{"line":94,"column":20},"end":{"line":96,"column":21}},{"start":{},"end":{}}],"line":94},"12":{"loc":{"start":{"line":100,"column":20},"end":{"line":102,"column":21}},"type":"if","locations":[{"start":{"line":100,"column":20},"end":{"line":102,"column":21}},{"start":{},"end":{}}],"line":100},"13":{"loc":{"start":{"line":105,"column":20},"end":{"line":107,"column":21}},"type":"if","locations":[{"start":{"line":105,"column":20},"end":{"line":107,"column":21}},{"start":{},"end":{}}],"line":105},"14":{"loc":{"start":{"line":121,"column":8},"end":{"line":125,"column":9}},"type":"if","locations":[{"start":{"line":121,"column":8},"end":{"line":125,"column":9}},{"start":{},"end":{}}],"line":121},"15":{"loc":{"start":{"line":121,"column":12},"end":{"line":121,"column":86}},"type":"binary-expr","locations":[{"start":{"line":121,"column":12},"end":{"line":121,"column":48}},{"start":{"line":121,"column":52},"end":{"line":121,"column":86}}],"line":121},"16":{"loc":{"start":{"line":129,"column":26},"end":{"line":129,"column":77}},"type":"binary-expr","locations":[{"start":{"line":129,"column":26},"end":{"line":129,"column":40}},{"start":{"line":129,"column":44},"end":{"line":129,"column":77}}],"line":129},"17":{"loc":{"start":{"line":130,"column":8},"end":{"line":145,"column":9}},"type":"if","locations":[{"start":{"line":130,"column":8},"end":{"line":145,"column":9}},{"start":{},"end":{}}],"line":130},"18":{"loc":{"start":{"line":132,"column":12},"end":{"line":137,"column":13}},"type":"if","locations":[{"start":{"line":132,"column":12},"end":{"line":137,"column":13}},{"start":{"line":135,"column":19},"end":{"line":137,"column":13}}],"line":132},"19":{"loc":{"start":{"line":140,"column":12},"end":{"line":144,"column":13}},"type":"if","locations":[{"start":{"line":140,"column":12},"end":{"line":144,"column":13}},{"start":{},"end":{}}],"line":140},"20":{"loc":{"start":{"line":140,"column":16},"end":{"line":140,"column":76}},"type":"binary-expr","locations":[{"start":{"line":140,"column":16},"end":{"line":140,"column":38}},{"start":{"line":140,"column":42},"end":{"line":140,"column":76}}],"line":140},"21":{"loc":{"start":{"line":161,"column":8},"end":{"line":166,"column":9}},"type":"if","locations":[{"start":{"line":161,"column":8},"end":{"line":166,"column":9}},{"start":{},"end":{}}],"line":161}},"s":{"0":12,"1":12,"2":12,"3":12,"4":12,"5":12,"6":12,"7":12,"8":11,"9":33,"10":33,"11":33,"12":33,"13":33,"14":33,"15":1,"16":1,"17":32,"18":32,"19":32,"20":9,"21":23,"22":23,"23":23,"24":30,"25":7,"26":0,"27":7,"28":30,"29":30,"30":0,"31":30,"32":30,"33":30,"34":30,"35":30,"36":2,"37":28,"38":22,"39":22,"40":22,"41":8,"42":8,"43":6,"44":30,"45":0,"46":0,"47":23,"48":22,"49":22,"50":1,"51":1,"52":1,"53":8,"54":8,"55":5,"56":5,"57":3,"58":3,"59":2,"60":5,"61":1,"62":1,"63":1,"64":1,"65":0,"66":4,"67":4,"68":4,"69":2,"70":4,"71":2,"72":2,"73":2},"f":{"0":12,"1":11,"2":33,"3":33,"4":32,"5":23,"6":7,"7":22,"8":8,"9":1,"10":0,"11":4,"12":2},"b":{"0":[0],"1":[20],"2":[30],"3":[33,0],"4":[26,7],"5":[1,32],"6":[33,12],"7":[9,23],"8":[0,7],"9":[0,30],"10":[30,0],"11":[2,28],"12":[22,0],"13":[6,2],"14":[1,21],"15":[22,11],"16":[8,8],"17":[5,3],"18":[3,2],"19":[1,4],"20":[5,1],"21":[2,2]},"_coverageSchema":"1a1c01bbd47fc00a2c39e90264f33305004495a9","hash":"6e07bb1750265b238ddaf0c5af5cf65f73829812"}
,"/Users/ismailimamoglu/Desktop/MotoCortex/src/core/security/CommandClassificationRegistry.ts": {"path":"/Users/ismailimamoglu/Desktop/MotoCortex/src/core/security/CommandClassificationRegistry.ts","statementMap":{"0":{"start":{"line":27,"column":4},"end":{"line":27,"column":49}},"1":{"start":{"line":53,"column":16},"end":{"line":53,"column":40}},"2":{"start":{"line":56,"column":4},"end":{"line":56,"column":53}},"3":{"start":{"line":56,"column":23},"end":{"line":56,"column":53}},"4":{"start":{"line":57,"column":4},"end":{"line":57,"column":60}},"5":{"start":{"line":57,"column":30},"end":{"line":57,"column":60}},"6":{"start":{"line":58,"column":4},"end":{"line":58,"column":60}},"7":{"start":{"line":58,"column":30},"end":{"line":58,"column":60}},"8":{"start":{"line":59,"column":4},"end":{"line":59,"column":60}},"9":{"start":{"line":59,"column":30},"end":{"line":59,"column":60}},"10":{"start":{"line":60,"column":4},"end":{"line":60,"column":62}},"11":{"start":{"line":60,"column":32},"end":{"line":60,"column":62}},"12":{"start":{"line":63,"column":4},"end":{"line":63,"column":64}},"13":{"start":{"line":63,"column":30},"end":{"line":63,"column":64}},"14":{"start":{"line":66,"column":4},"end":{"line":66,"column":56}},"15":{"start":{"line":66,"column":22},"end":{"line":66,"column":56}},"16":{"start":{"line":69,"column":4},"end":{"line":69,"column":66}},"17":{"start":{"line":69,"column":30},"end":{"line":69,"column":66}},"18":{"start":{"line":70,"column":4},"end":{"line":70,"column":66}},"19":{"start":{"line":70,"column":30},"end":{"line":70,"column":66}},"20":{"start":{"line":73,"column":4},"end":{"line":73,"column":64}},"21":{"start":{"line":73,"column":30},"end":{"line":73,"column":64}},"22":{"start":{"line":74,"column":4},"end":{"line":74,"column":64}},"23":{"start":{"line":74,"column":30},"end":{"line":74,"column":64}},"24":{"start":{"line":77,"column":4},"end":{"line":77,"column":34}},"25":{"start":{"line":84,"column":4},"end":{"line":88,"column":6}},"26":{"start":{"line":99,"column":16},"end":{"line":99,"column":39}},"27":{"start":{"line":100,"column":4},"end":{"line":102,"column":5}},"28":{"start":{"line":101,"column":8},"end":{"line":101,"column":51}}},"fnMap":{"0":{"name":"normalizeCommand","decl":{"start":{"line":26,"column":16},"end":{"line":26,"column":32}},"loc":{"start":{"line":26,"column":54},"end":{"line":28,"column":1}},"line":26},"1":{"name":"classifyCommand","decl":{"start":{"line":52,"column":16},"end":{"line":52,"column":31}},"loc":{"start":{"line":52,"column":62},"end":{"line":78,"column":1}},"line":52},"2":{"name":"requiresProAccess","decl":{"start":{"line":83,"column":16},"end":{"line":83,"column":33}},"loc":{"start":{"line":83,"column":62},"end":{"line":89,"column":1}},"line":83},"3":{"name":"assertHardwareGate","decl":{"start":{"line":98,"column":16},"end":{"line":98,"column":34}},"loc":{"start":{"line":98,"column":73},"end":{"line":103,"column":1}},"line":98}},"branchMap":{"0":{"loc":{"start":{"line":56,"column":4},"end":{"line":56,"column":53}},"type":"if","locations":[{"start":{"line":56,"column":4},"end":{"line":56,"column":53}},{"start":{},"end":{}}],"line":56},"1":{"loc":{"start":{"line":57,"column":4},"end":{"line":57,"column":60}},"type":"if","locations":[{"start":{"line":57,"column":4},"end":{"line":57,"column":60}},{"start":{},"end":{}}],"line":57},"2":{"loc":{"start":{"line":58,"column":4},"end":{"line":58,"column":60}},"type":"if","locations":[{"start":{"line":58,"column":4},"end":{"line":58,"column":60}},{"start":{},"end":{}}],"line":58},"3":{"loc":{"start":{"line":59,"column":4},"end":{"line":59,"column":60}},"type":"if","locations":[{"start":{"line":59,"column":4},"end":{"line":59,"column":60}},{"start":{},"end":{}}],"line":59},"4":{"loc":{"start":{"line":60,"column":4},"end":{"line":60,"column":62}},"type":"if","locations":[{"start":{"line":60,"column":4},"end":{"line":60,"column":62}},{"start":{},"end":{}}],"line":60},"5":{"loc":{"start":{"line":63,"column":4},"end":{"line":63,"column":64}},"type":"if","locations":[{"start":{"line":63,"column":4},"end":{"line":63,"column":64}},{"start":{},"end":{}}],"line":63},"6":{"loc":{"start":{"line":66,"column":4},"end":{"line":66,"column":56}},"type":"if","locations":[{"start":{"line":66,"column":4},"end":{"line":66,"column":56}},{"start":{},"end":{}}],"line":66},"7":{"loc":{"start":{"line":69,"column":4},"end":{"line":69,"column":66}},"type":"if","locations":[{"start":{"line":69,"column":4},"end":{"line":69,"column":66}},{"start":{},"end":{}}],"line":69},"8":{"loc":{"start":{"line":70,"column":4},"end":{"line":70,"column":66}},"type":"if","locations":[{"start":{"line":70,"column":4},"end":{"line":70,"column":66}},{"start":{},"end":{}}],"line":70},"9":{"loc":{"start":{"line":73,"column":4},"end":{"line":73,"column":64}},"type":"if","locations":[{"start":{"line":73,"column":4},"end":{"line":73,"column":64}},{"start":{},"end":{}}],"line":73},"10":{"loc":{"start":{"line":74,"column":4},"end":{"line":74,"column":64}},"type":"if","locations":[{"start":{"line":74,"column":4},"end":{"line":74,"column":64}},{"start":{},"end":{}}],"line":74},"11":{"loc":{"start":{"line":85,"column":8},"end":{"line":87,"column":38}},"type":"binary-expr","locations":[{"start":{"line":85,"column":8},"end":{"line":85,"column":42}},{"start":{"line":86,"column":8},"end":{"line":86,"column":42}},{"start":{"line":87,"column":8},"end":{"line":87,"column":38}}],"line":85},"12":{"loc":{"start":{"line":100,"column":4},"end":{"line":102,"column":5}},"type":"if","locations":[{"start":{"line":100,"column":4},"end":{"line":102,"column":5}},{"start":{},"end":{}}],"line":100},"13":{"loc":{"start":{"line":100,"column":8},"end":{"line":100,"column":40}},"type":"binary-expr","locations":[{"start":{"line":100,"column":8},"end":{"line":100,"column":30}},{"start":{"line":100,"column":34},"end":{"line":100,"column":40}}],"line":100}},"s":{"0":74,"1":71,"2":71,"3":7,"4":64,"5":6,"6":58,"7":3,"8":55,"9":3,"10":52,"11":1,"12":51,"13":5,"14":46,"15":6,"16":40,"17":2,"18":38,"19":3,"20":35,"21":3,"22":32,"23":3,"24":29,"25":32,"26":26,"27":26,"28":7},"f":{"0":74,"1":71,"2":32,"3":26},"b":{"0":[7,64],"1":[6,58],"2":[3,55],"3":[3,52],"4":[1,51],"5":[5,46],"6":[6,40],"7":[2,38],"8":[3,35],"9":[3,32],"10":[3,29],"11":[32,28,25],"12":[7,19],"13":[26,11]},"_coverageSchema":"1a1c01bbd47fc00a2c39e90264f33305004495a9","hash":"5f6ee6cfd25d9a61bec01ef32dedcedac957d042"}
,"/Users/ismailimamoglu/Desktop/MotoCortex/src/core/telemetry/TelemetryHealthCollector.ts": {"path":"/Users/ismailimamoglu/Desktop/MotoCortex/src/core/telemetry/TelemetryHealthCollector.ts","statementMap":{"0":{"start":{"line":25,"column":28},"end":{"line":25,"column":31}},"1":{"start":{"line":29,"column":29},"end":{"line":29,"column":64}},"2":{"start":{"line":30,"column":30},"end":{"line":30,"column":65}},"3":{"start":{"line":31,"column":25},"end":{"line":31,"column":62}},"4":{"start":{"line":34,"column":27},"end":{"line":34,"column":28}},"5":{"start":{"line":35,"column":28},"end":{"line":35,"column":29}},"6":{"start":{"line":37,"column":26},"end":{"line":37,"column":27}},"7":{"start":{"line":38,"column":27},"end":{"line":38,"column":28}},"8":{"start":{"line":40,"column":22},"end":{"line":40,"column":23}},"9":{"start":{"line":41,"column":23},"end":{"line":41,"column":24}},"10":{"start":{"line":44,"column":26},"end":{"line":44,"column":27}},"11":{"start":{"line":45,"column":25},"end":{"line":45,"column":26}},"12":{"start":{"line":46,"column":21},"end":{"line":46,"column":22}},"13":{"start":{"line":49,"column":43},"end":{"line":49,"column":44}},"14":{"start":{"line":50,"column":37},"end":{"line":50,"column":38}},"15":{"start":{"line":51,"column":34},"end":{"line":51,"column":35}},"16":{"start":{"line":58,"column":39},"end":{"line":58,"column":40}},"17":{"start":{"line":59,"column":51},"end":{"line":59,"column":55}},"18":{"start":{"line":65,"column":25},"end":{"line":65,"column":45}},"19":{"start":{"line":66,"column":25},"end":{"line":66,"column":112}},"20":{"start":{"line":68,"column":8},"end":{"line":68,"column":58}},"21":{"start":{"line":69,"column":8},"end":{"line":69,"column":74}},"22":{"start":{"line":71,"column":8},"end":{"line":71,"column":66}},"23":{"start":{"line":72,"column":8},"end":{"line":74,"column":9}},"24":{"start":{"line":73,"column":12},"end":{"line":73,"column":33}},"25":{"start":{"line":82,"column":30},"end":{"line":82,"column":31}},"26":{"start":{"line":83,"column":30},"end":{"line":83,"column":116}},"27":{"start":{"line":85,"column":8},"end":{"line":85,"column":63}},"28":{"start":{"line":86,"column":8},"end":{"line":86,"column":72}},"29":{"start":{"line":88,"column":8},"end":{"line":88,"column":74}},"30":{"start":{"line":89,"column":8},"end":{"line":91,"column":9}},"31":{"start":{"line":90,"column":12},"end":{"line":90,"column":32}},"32":{"start":{"line":94,"column":26},"end":{"line":94,"column":31}},"33":{"start":{"line":95,"column":26},"end":{"line":95,"column":99}},"34":{"start":{"line":97,"column":8},"end":{"line":97,"column":50}},"35":{"start":{"line":98,"column":8},"end":{"line":98,"column":64}},"36":{"start":{"line":100,"column":8},"end":{"line":100,"column":58}},"37":{"start":{"line":101,"column":8},"end":{"line":103,"column":9}},"38":{"start":{"line":102,"column":12},"end":{"line":102,"column":28}},"39":{"start":{"line":105,"column":8},"end":{"line":105,"column":32}},"40":{"start":{"line":106,"column":8},"end":{"line":106,"column":36}},"41":{"start":{"line":114,"column":30},"end":{"line":114,"column":31}},"42":{"start":{"line":115,"column":30},"end":{"line":115,"column":116}},"43":{"start":{"line":117,"column":8},"end":{"line":117,"column":63}},"44":{"start":{"line":118,"column":8},"end":{"line":118,"column":72}},"45":{"start":{"line":120,"column":8},"end":{"line":120,"column":74}},"46":{"start":{"line":121,"column":8},"end":{"line":123,"column":9}},"47":{"start":{"line":122,"column":12},"end":{"line":122,"column":32}},"48":{"start":{"line":125,"column":8},"end":{"line":125,"column":32}},"49":{"start":{"line":126,"column":8},"end":{"line":126,"column":36}},"50":{"start":{"line":133,"column":8},"end":{"line":133,"column":36}},"51":{"start":{"line":140,"column":8},"end":{"line":140,"column":30}},"52":{"start":{"line":147,"column":8},"end":{"line":147,"column":33}},"53":{"start":{"line":155,"column":8},"end":{"line":155,"column":47}},"54":{"start":{"line":155,"column":38},"end":{"line":155,"column":47}},"55":{"start":{"line":156,"column":8},"end":{"line":156,"column":53}},"56":{"start":{"line":164,"column":8},"end":{"line":164,"column":46}},"57":{"start":{"line":164,"column":37},"end":{"line":164,"column":46}},"58":{"start":{"line":165,"column":8},"end":{"line":165,"column":51}},"59":{"start":{"line":172,"column":8},"end":{"line":172,"column":42}},"60":{"start":{"line":172,"column":33},"end":{"line":172,"column":42}},"61":{"start":{"line":173,"column":8},"end":{"line":173,"column":55}},"62":{"start":{"line":180,"column":8},"end":{"line":180,"column":39}},"63":{"start":{"line":184,"column":8},"end":{"line":184,"column":41}},"64":{"start":{"line":188,"column":8},"end":{"line":188,"column":35}},"65":{"start":{"line":192,"column":8},"end":{"line":192,"column":32}},"66":{"start":{"line":199,"column":8},"end":{"line":207,"column":10}},"67":{"start":{"line":214,"column":8},"end":{"line":214,"column":36}},"68":{"start":{"line":215,"column":8},"end":{"line":215,"column":37}},"69":{"start":{"line":216,"column":8},"end":{"line":216,"column":32}},"70":{"start":{"line":218,"column":8},"end":{"line":218,"column":30}},"71":{"start":{"line":219,"column":8},"end":{"line":219,"column":31}},"72":{"start":{"line":221,"column":8},"end":{"line":221,"column":29}},"73":{"start":{"line":222,"column":8},"end":{"line":222,"column":30}},"74":{"start":{"line":224,"column":8},"end":{"line":224,"column":25}},"75":{"start":{"line":225,"column":8},"end":{"line":225,"column":26}},"76":{"start":{"line":227,"column":8},"end":{"line":227,"column":29}},"77":{"start":{"line":228,"column":8},"end":{"line":228,"column":28}},"78":{"start":{"line":229,"column":8},"end":{"line":229,"column":24}},"79":{"start":{"line":231,"column":8},"end":{"line":231,"column":38}},"80":{"start":{"line":232,"column":8},"end":{"line":232,"column":32}},"81":{"start":{"line":233,"column":8},"end":{"line":233,"column":29}},"82":{"start":{"line":234,"column":8},"end":{"line":234,"column":34}},"83":{"start":{"line":246,"column":8},"end":{"line":246,"column":96}},"84":{"start":{"line":246,"column":89},"end":{"line":246,"column":96}},"85":{"start":{"line":249,"column":31},"end":{"line":249,"column":32}},"86":{"start":{"line":250,"column":8},"end":{"line":252,"column":9}},"87":{"start":{"line":250,"column":21},"end":{"line":250,"column":22}},"88":{"start":{"line":251,"column":12},"end":{"line":251,"column":55}},"89":{"start":{"line":253,"column":8},"end":{"line":253,"column":44}},"90":{"start":{"line":256,"column":30},"end":{"line":256,"column":31}},"91":{"start":{"line":257,"column":8},"end":{"line":259,"column":9}},"92":{"start":{"line":257,"column":21},"end":{"line":257,"column":22}},"93":{"start":{"line":258,"column":12},"end":{"line":258,"column":55}},"94":{"start":{"line":260,"column":8},"end":{"line":260,"column":42}},"95":{"start":{"line":263,"column":26},"end":{"line":263,"column":27}},"96":{"start":{"line":264,"column":8},"end":{"line":266,"column":9}},"97":{"start":{"line":264,"column":21},"end":{"line":264,"column":22}},"98":{"start":{"line":265,"column":12},"end":{"line":265,"column":46}},"99":{"start":{"line":267,"column":8},"end":{"line":267,"column":34}}},"fnMap":{"0":{"name":"(anonymous_0)","decl":{"start":{"line":64,"column":4},"end":{"line":64,"column":5}},"loc":{"start":{"line":64,"column":55},"end":{"line":75,"column":5}},"line":64},"1":{"name":"(anonymous_1)","decl":{"start":{"line":80,"column":4},"end":{"line":80,"column":5}},"loc":{"start":{"line":80,"column":39},"end":{"line":107,"column":5}},"line":80},"2":{"name":"(anonymous_2)","decl":{"start":{"line":112,"column":4},"end":{"line":112,"column":5}},"loc":{"start":{"line":112,"column":26},"end":{"line":127,"column":5}},"line":112},"3":{"name":"(anonymous_3)","decl":{"start":{"line":132,"column":4},"end":{"line":132,"column":5}},"loc":{"start":{"line":132,"column":33},"end":{"line":134,"column":5}},"line":132},"4":{"name":"(anonymous_4)","decl":{"start":{"line":139,"column":4},"end":{"line":139,"column":5}},"loc":{"start":{"line":139,"column":31},"end":{"line":141,"column":5}},"line":139},"5":{"name":"(anonymous_5)","decl":{"start":{"line":146,"column":4},"end":{"line":146,"column":5}},"loc":{"start":{"line":146,"column":39},"end":{"line":148,"column":5}},"line":146},"6":{"name":"(anonymous_6)","decl":{"start":{"line":154,"column":4},"end":{"line":154,"column":5}},"loc":{"start":{"line":154,"column":39},"end":{"line":157,"column":5}},"line":154},"7":{"name":"(anonymous_7)","decl":{"start":{"line":163,"column":4},"end":{"line":163,"column":5}},"loc":{"start":{"line":163,"column":37},"end":{"line":166,"column":5}},"line":163},"8":{"name":"(anonymous_8)","decl":{"start":{"line":171,"column":4},"end":{"line":171,"column":5}},"loc":{"start":{"line":171,"column":29},"end":{"line":174,"column":5}},"line":171},"9":{"name":"(anonymous_9)","decl":{"start":{"line":179,"column":4},"end":{"line":179,"column":5}},"loc":{"start":{"line":179,"column":29},"end":{"line":181,"column":5}},"line":179},"10":{"name":"(anonymous_10)","decl":{"start":{"line":183,"column":4},"end":{"line":183,"column":5}},"loc":{"start":{"line":183,"column":38},"end":{"line":185,"column":5}},"line":183},"11":{"name":"(anonymous_11)","decl":{"start":{"line":187,"column":4},"end":{"line":187,"column":5}},"loc":{"start":{"line":187,"column":32},"end":{"line":189,"column":5}},"line":187},"12":{"name":"(anonymous_12)","decl":{"start":{"line":191,"column":4},"end":{"line":191,"column":5}},"loc":{"start":{"line":191,"column":29},"end":{"line":193,"column":5}},"line":191},"13":{"name":"(anonymous_13)","decl":{"start":{"line":198,"column":4},"end":{"line":198,"column":5}},"loc":{"start":{"line":198,"column":49},"end":{"line":208,"column":5}},"line":198},"14":{"name":"(anonymous_14)","decl":{"start":{"line":213,"column":4},"end":{"line":213,"column":5}},"loc":{"start":{"line":213,"column":27},"end":{"line":235,"column":5}},"line":213},"15":{"name":"(anonymous_15)","decl":{"start":{"line":245,"column":4},"end":{"line":245,"column":5}},"loc":{"start":{"line":245,"column":41},"end":{"line":268,"column":5}},"line":245}},"branchMap":{"0":{"loc":{"start":{"line":64,"column":19},"end":{"line":64,"column":47}},"type":"default-arg","locations":[{"start":{"line":64,"column":43},"end":{"line":64,"column":47}}],"line":64},"1":{"loc":{"start":{"line":65,"column":25},"end":{"line":65,"column":45}},"type":"cond-expr","locations":[{"start":{"line":65,"column":40},"end":{"line":65,"column":41}},{"start":{"line":65,"column":44},"end":{"line":65,"column":45}}],"line":65},"2":{"loc":{"start":{"line":66,"column":25},"end":{"line":66,"column":112}},"type":"cond-expr","locations":[{"start":{"line":66,"column":70},"end":{"line":66,"column":108}},{"start":{"line":66,"column":111},"end":{"line":66,"column":112}}],"line":66},"3":{"loc":{"start":{"line":72,"column":8},"end":{"line":74,"column":9}},"type":"if","locations":[{"start":{"line":72,"column":8},"end":{"line":74,"column":9}},{"start":{},"end":{}}],"line":72},"4":{"loc":{"start":{"line":83,"column":30},"end":{"line":83,"column":116}},"type":"cond-expr","locations":[{"start":{"line":83,"column":74},"end":{"line":83,"column":112}},{"start":{"line":83,"column":115},"end":{"line":83,"column":116}}],"line":83},"5":{"loc":{"start":{"line":89,"column":8},"end":{"line":91,"column":9}},"type":"if","locations":[{"start":{"line":89,"column":8},"end":{"line":91,"column":9}},{"start":{},"end":{}}],"line":89},"6":{"loc":{"start":{"line":95,"column":26},"end":{"line":95,"column":99}},"type":"cond-expr","locations":[{"start":{"line":95,"column":66},"end":{"line":95,"column":95}},{"start":{"line":95,"column":98},"end":{"line":95,"column":99}}],"line":95},"7":{"loc":{"start":{"line":101,"column":8},"end":{"line":103,"column":9}},"type":"if","locations":[{"start":{"line":101,"column":8},"end":{"line":103,"column":9}},{"start":{},"end":{}}],"line":101},"8":{"loc":{"start":{"line":115,"column":30},"end":{"line":115,"column":116}},"type":"cond-expr","locations":[{"start":{"line":115,"column":74},"end":{"line":115,"column":112}},{"start":{"line":115,"column":115},"end":{"line":115,"column":116}}],"line":115},"9":{"loc":{"start":{"line":121,"column":8},"end":{"line":123,"column":9}},"type":"if","locations":[{"start":{"line":121,"column":8},"end":{"line":123,"column":9}},{"start":{},"end":{}}],"line":121},"10":{"loc":{"start":{"line":155,"column":8},"end":{"line":155,"column":47}},"type":"if","locations":[{"start":{"line":155,"column":8},"end":{"line":155,"column":47}},{"start":{},"end":{}}],"line":155},"11":{"loc":{"start":{"line":164,"column":8},"end":{"line":164,"column":46}},"type":"if","locations":[{"start":{"line":164,"column":8},"end":{"line":164,"column":46}},{"start":{},"end":{}}],"line":164},"12":{"loc":{"start":{"line":172,"column":8},"end":{"line":172,"column":42}},"type":"if","locations":[{"start":{"line":172,"column":8},"end":{"line":172,"column":42}},{"start":{},"end":{}}],"line":172},"13":{"loc":{"start":{"line":246,"column":8},"end":{"line":246,"column":96}},"type":"if","locations":[{"start":{"line":246,"column":8},"end":{"line":246,"column":96}},{"start":{},"end":{}}],"line":246}},"s":{"0":1,"1":1,"2":1,"3":1,"4":1,"5":1,"6":1,"7":1,"8":1,"9":1,"10":1,"11":1,"12":1,"13":1,"14":1,"15":1,"16":1,"17":1,"18":428,"19":428,"20":428,"21":428,"22":428,"23":428,"24":233,"25":128,"26":128,"27":128,"28":128,"29":128,"30":128,"31":118,"32":128,"33":128,"34":128,"35":128,"36":128,"37":128,"38":118,"39":128,"40":128,"41":114,"42":114,"43":114,"44":114,"45":114,"46":114,"47":104,"48":114,"49":114,"50":5,"51":2,"52":2,"53":10,"54":2,"55":8,"56":8,"57":2,"58":6,"59":4,"60":2,"61":2,"62":1,"63":3,"64":1,"65":1,"66":1,"67":19,"68":19,"69":19,"70":19,"71":19,"72":19,"73":19,"74":19,"75":19,"76":19,"77":19,"78":19,"79":19,"80":19,"81":19,"82":19,"83":242,"84":242,"85":0,"86":0,"87":0,"88":0,"89":0,"90":0,"91":0,"92":0,"93":0,"94":0,"95":0,"96":0,"97":0,"98":0,"99":0},"f":{"0":428,"1":128,"2":114,"3":5,"4":2,"5":2,"6":10,"7":8,"8":4,"9":1,"10":3,"11":1,"12":1,"13":1,"14":19,"15":242},"b":{"0":[1],"1":[316,112],"2":[195,233],"3":[233,195],"4":[10,118],"5":[118,10],"6":[10,118],"7":[118,10],"8":[10,104],"9":[104,10],"10":[2,8],"11":[2,6],"12":[2,2],"13":[242,0]},"_coverageSchema":"1a1c01bbd47fc00a2c39e90264f33305004495a9","hash":"e557b4624694be25270c443792a40aa7f50e74e9"}
,"/Users/ismailimamoglu/Desktop/MotoCortex/src/core/transport/TransportRateLimiter.ts": {"path":"/Users/ismailimamoglu/Desktop/MotoCortex/src/core/transport/TransportRateLimiter.ts","statementMap":{"0":{"start":{"line":5,"column":38},"end":{"line":5,"column":40}},"1":{"start":{"line":6,"column":36},"end":{"line":6,"column":38}},"2":{"start":{"line":7,"column":38},"end":{"line":7,"column":40}},"3":{"start":{"line":8,"column":40},"end":{"line":8,"column":50}},"4":{"start":{"line":9,"column":43},"end":{"line":9,"column":45}},"5":{"start":{"line":10,"column":32},"end":{"line":10,"column":36}},"6":{"start":{"line":16,"column":22},"end":{"line":16,"column":50}},"7":{"start":{"line":17,"column":22},"end":{"line":17,"column":50}},"8":{"start":{"line":18,"column":24},"end":{"line":18,"column":43}},"9":{"start":{"line":19,"column":21},"end":{"line":19,"column":67}},"10":{"start":{"line":21,"column":8},"end":{"line":30,"column":9}},"11":{"start":{"line":22,"column":12},"end":{"line":22,"column":31}},"12":{"start":{"line":23,"column":12},"end":{"line":23,"column":31}},"13":{"start":{"line":24,"column":15},"end":{"line":30,"column":9}},"14":{"start":{"line":25,"column":12},"end":{"line":25,"column":31}},"15":{"start":{"line":26,"column":12},"end":{"line":26,"column":31}},"16":{"start":{"line":28,"column":12},"end":{"line":28,"column":30}},"17":{"start":{"line":29,"column":12},"end":{"line":29,"column":30}},"18":{"start":{"line":32,"column":8},"end":{"line":32,"column":36}},"19":{"start":{"line":33,"column":8},"end":{"line":33,"column":37}},"20":{"start":{"line":34,"column":8},"end":{"line":34,"column":24}},"21":{"start":{"line":36,"column":8},"end":{"line":38,"column":9}},"22":{"start":{"line":37,"column":12},"end":{"line":37,"column":38}},"23":{"start":{"line":40,"column":8},"end":{"line":43,"column":15}},"24":{"start":{"line":41,"column":12},"end":{"line":41,"column":26}},"25":{"start":{"line":42,"column":12},"end":{"line":42,"column":32}},"26":{"start":{"line":47,"column":20},"end":{"line":47,"column":30}},"27":{"start":{"line":48,"column":25},"end":{"line":48,"column":55}},"28":{"start":{"line":49,"column":8},"end":{"line":49,"column":30}},"29":{"start":{"line":50,"column":8},"end":{"line":50,"column":86}},"30":{"start":{"line":58,"column":8},"end":{"line":58,"column":22}},"31":{"start":{"line":59,"column":8},"end":{"line":62,"column":9}},"32":{"start":{"line":60,"column":12},"end":{"line":60,"column":29}},"33":{"start":{"line":61,"column":12},"end":{"line":61,"column":19}},"34":{"start":{"line":63,"column":8},"end":{"line":65,"column":11}},"35":{"start":{"line":64,"column":12},"end":{"line":64,"column":37}},"36":{"start":{"line":69,"column":8},"end":{"line":75,"column":9}},"37":{"start":{"line":70,"column":12},"end":{"line":70,"column":29}},"38":{"start":{"line":71,"column":28},"end":{"line":71,"column":46}},"39":{"start":{"line":72,"column":12},"end":{"line":74,"column":13}},"40":{"start":{"line":73,"column":16},"end":{"line":73,"column":26}},"41":{"start":{"line":82,"column":8},"end":{"line":85,"column":9}},"42":{"start":{"line":83,"column":12},"end":{"line":83,"column":38}},"43":{"start":{"line":84,"column":12},"end":{"line":84,"column":30}},"44":{"start":{"line":86,"column":8},"end":{"line":86,"column":24}},"45":{"start":{"line":87,"column":8},"end":{"line":87,"column":25}}},"fnMap":{"0":{"name":"(anonymous_0)","decl":{"start":{"line":15,"column":4},"end":{"line":15,"column":5}},"loc":{"start":{"line":15,"column":37},"end":{"line":44,"column":5}},"line":15},"1":{"name":"(anonymous_1)","decl":{"start":{"line":40,"column":33},"end":{"line":40,"column":34}},"loc":{"start":{"line":40,"column":39},"end":{"line":43,"column":9}},"line":40},"2":{"name":"(anonymous_2)","decl":{"start":{"line":46,"column":4},"end":{"line":46,"column":5}},"loc":{"start":{"line":46,"column":34},"end":{"line":51,"column":5}},"line":46},"3":{"name":"(anonymous_3)","decl":{"start":{"line":57,"column":4},"end":{"line":57,"column":5}},"loc":{"start":{"line":57,"column":54},"end":{"line":66,"column":5}},"line":57},"4":{"name":"(anonymous_4)","decl":{"start":{"line":63,"column":33},"end":{"line":63,"column":34}},"loc":{"start":{"line":63,"column":46},"end":{"line":65,"column":9}},"line":63},"5":{"name":"(anonymous_5)","decl":{"start":{"line":68,"column":4},"end":{"line":68,"column":5}},"loc":{"start":{"line":68,"column":40},"end":{"line":76,"column":5}},"line":68},"6":{"name":"(anonymous_6)","decl":{"start":{"line":81,"column":4},"end":{"line":81,"column":5}},"loc":{"start":{"line":81,"column":34},"end":{"line":88,"column":5}},"line":81}},"branchMap":{"0":{"loc":{"start":{"line":21,"column":8},"end":{"line":30,"column":9}},"type":"if","locations":[{"start":{"line":21,"column":8},"end":{"line":30,"column":9}},{"start":{"line":24,"column":15},"end":{"line":30,"column":9}}],"line":21},"1":{"loc":{"start":{"line":24,"column":15},"end":{"line":30,"column":9}},"type":"if","locations":[{"start":{"line":24,"column":15},"end":{"line":30,"column":9}},{"start":{"line":27,"column":15},"end":{"line":30,"column":9}}],"line":24},"2":{"loc":{"start":{"line":36,"column":8},"end":{"line":38,"column":9}},"type":"if","locations":[{"start":{"line":36,"column":8},"end":{"line":38,"column":9}},{"start":{},"end":{}}],"line":36},"3":{"loc":{"start":{"line":59,"column":8},"end":{"line":62,"column":9}},"type":"if","locations":[{"start":{"line":59,"column":8},"end":{"line":62,"column":9}},{"start":{},"end":{}}],"line":59},"4":{"loc":{"start":{"line":69,"column":15},"end":{"line":69,"column":56}},"type":"binary-expr","locations":[{"start":{"line":69,"column":15},"end":{"line":69,"column":36}},{"start":{"line":69,"column":40},"end":{"line":69,"column":56}}],"line":69},"5":{"loc":{"start":{"line":72,"column":12},"end":{"line":74,"column":13}},"type":"if","locations":[{"start":{"line":72,"column":12},"end":{"line":74,"column":13}},{"start":{},"end":{}}],"line":72},"6":{"loc":{"start":{"line":82,"column":8},"end":{"line":85,"column":9}},"type":"if","locations":[{"start":{"line":82,"column":8},"end":{"line":85,"column":9}},{"start":{},"end":{}}],"line":82}},"s":{"0":3,"1":3,"2":3,"3":3,"4":3,"5":3,"6":5,"7":5,"8":5,"9":5,"10":5,"11":1,"12":1,"13":4,"14":1,"15":1,"16":3,"17":3,"18":5,"19":5,"20":5,"21":5,"22":0,"23":5,"24":17,"25":17,"26":74,"27":74,"28":74,"29":74,"30":57,"31":57,"32":52,"33":52,"34":5,"35":5,"36":17,"37":4,"38":4,"39":4,"40":4,"41":6,"42":5,"43":5,"44":6,"45":6},"f":{"0":5,"1":17,"2":74,"3":57,"4":5,"5":17,"6":6},"b":{"0":[1,4],"1":[1,3],"2":[0,5],"3":[52,5],"4":[21,18],"5":[4,0],"6":[5,1]},"_coverageSchema":"1a1c01bbd47fc00a2c39e90264f33305004495a9","hash":"85fd5edb53b0ef4635aa5c5565f9d27b6f4ce6b6"}
,"/Users/ismailimamoglu/Desktop/MotoCortex/src/utils/IapBridge.ts": {"path":"/Users/ismailimamoglu/Desktop/MotoCortex/src/utils/IapBridge.ts","statementMap":{"0":{"start":{"line":9,"column":35},"end":{"line":14,"column":1}},"1":{"start":{"line":24,"column":15},"end":{"line":24,"column":39}},"2":{"start":{"line":25,"column":20},"end":{"line":25,"column":57}},"3":{"start":{"line":27,"column":22},"end":{"line":27,"column":47}},"4":{"start":{"line":28,"column":18},"end":{"line":28,"column":95}},"5":{"start":{"line":29,"column":17},"end":{"line":29,"column":76}},"6":{"start":{"line":31,"column":4},"end":{"line":31,"column":47}},"7":{"start":{"line":45,"column":22},"end":{"line":45,"column":64}},"8":{"start":{"line":46,"column":32},"end":{"line":46,"column":34}},"9":{"start":{"line":47,"column":4},"end":{"line":49,"column":5}},"10":{"start":{"line":47,"column":17},"end":{"line":47,"column":18}},"11":{"start":{"line":48,"column":8},"end":{"line":48,"column":73}},"12":{"start":{"line":52,"column":21},"end":{"line":52,"column":45}},"13":{"start":{"line":53,"column":30},"end":{"line":53,"column":32}},"14":{"start":{"line":54,"column":4},"end":{"line":56,"column":5}},"15":{"start":{"line":54,"column":17},"end":{"line":54,"column":18}},"16":{"start":{"line":55,"column":8},"end":{"line":55,"column":45}},"17":{"start":{"line":59,"column":35},"end":{"line":59,"column":37}},"18":{"start":{"line":60,"column":4},"end":{"line":66,"column":5}},"19":{"start":{"line":60,"column":17},"end":{"line":60,"column":18}},"20":{"start":{"line":61,"column":25},"end":{"line":61,"column":83}},"21":{"start":{"line":62,"column":23},"end":{"line":62,"column":75}},"22":{"start":{"line":65,"column":8},"end":{"line":65,"column":67}},"23":{"start":{"line":69,"column":4},"end":{"line":69,"column":75}},"24":{"start":{"line":69,"column":33},"end":{"line":69,"column":64}},"25":{"start":{"line":80,"column":23},"end":{"line":80,"column":48}},"26":{"start":{"line":81,"column":20},"end":{"line":81,"column":51}},"27":{"start":{"line":82,"column":21},"end":{"line":82,"column":47}},"28":{"start":{"line":83,"column":19},"end":{"line":86,"column":5}},"29":{"start":{"line":87,"column":4},"end":{"line":87,"column":18}},"30":{"start":{"line":91,"column":30},"end":{"line":91,"column":101}},"31":{"start":{"line":92,"column":4},"end":{"line":92,"column":51}}},"fnMap":{"0":{"name":"getHardwareFingerprint","decl":{"start":{"line":23,"column":16},"end":{"line":23,"column":38}},"loc":{"start":{"line":23,"column":49},"end":{"line":32,"column":1}},"line":23},"1":{"name":"deriveHmacKey","decl":{"start":{"line":43,"column":16},"end":{"line":43,"column":29}},"loc":{"start":{"line":43,"column":58},"end":{"line":70,"column":1}},"line":43},"2":{"name":"(anonymous_2)","decl":{"start":{"line":69,"column":28},"end":{"line":69,"column":29}},"loc":{"start":{"line":69,"column":33},"end":{"line":69,"column":64}},"line":69},"3":{"name":"signReceipt","decl":{"start":{"line":79,"column":22},"end":{"line":79,"column":33}},"loc":{"start":{"line":79,"column":113},"end":{"line":88,"column":1}},"line":79},"4":{"name":"verifyReceipt","decl":{"start":{"line":90,"column":22},"end":{"line":90,"column":35}},"loc":{"start":{"line":90,"column":103},"end":{"line":93,"column":1}},"line":90}},"branchMap":{"0":{"loc":{"start":{"line":24,"column":15},"end":{"line":24,"column":39}},"type":"binary-expr","locations":[{"start":{"line":24,"column":15},"end":{"line":24,"column":26}},{"start":{"line":24,"column":30},"end":{"line":24,"column":39}}],"line":24},"1":{"loc":{"start":{"line":25,"column":27},"end":{"line":25,"column":56}},"type":"binary-expr","locations":[{"start":{"line":25,"column":27},"end":{"line":25,"column":43}},{"start":{"line":25,"column":47},"end":{"line":25,"column":56}}],"line":25},"2":{"loc":{"start":{"line":28,"column":18},"end":{"line":28,"column":95}},"type":"binary-expr","locations":[{"start":{"line":28,"column":18},"end":{"line":28,"column":34}},{"start":{"line":28,"column":38},"end":{"line":28,"column":54}},{"start":{"line":28,"column":58},"end":{"line":28,"column":82}},{"start":{"line":28,"column":86},"end":{"line":28,"column":95}}],"line":28},"3":{"loc":{"start":{"line":29,"column":17},"end":{"line":29,"column":76}},"type":"binary-expr","locations":[{"start":{"line":29,"column":17},"end":{"line":29,"column":58}},{"start":{"line":29,"column":62},"end":{"line":29,"column":76}}],"line":29},"4":{"loc":{"start":{"line":48,"column":23},"end":{"line":48,"column":71}},"type":"binary-expr","locations":[{"start":{"line":48,"column":23},"end":{"line":48,"column":66}},{"start":{"line":48,"column":70},"end":{"line":48,"column":71}}],"line":48},"5":{"loc":{"start":{"line":61,"column":25},"end":{"line":61,"column":83}},"type":"cond-expr","locations":[{"start":{"line":61,"column":48},"end":{"line":61,"column":79}},{"start":{"line":61,"column":82},"end":{"line":61,"column":83}}],"line":61},"6":{"loc":{"start":{"line":62,"column":23},"end":{"line":62,"column":75}},"type":"cond-expr","locations":[{"start":{"line":62,"column":44},"end":{"line":62,"column":71}},{"start":{"line":62,"column":74},"end":{"line":62,"column":75}}],"line":62}},"s":{"0":1,"1":28,"2":28,"3":28,"4":28,"5":28,"6":28,"7":28,"8":28,"9":28,"10":28,"11":253,"12":28,"13":28,"14":28,"15":28,"16":900,"17":28,"18":28,"19":28,"20":896,"21":896,"22":896,"23":28,"24":896,"25":17,"26":17,"27":17,"28":17,"29":17,"30":7,"31":7},"f":{"0":28,"1":28,"2":896,"3":17,"4":7},"b":{"0":[28,0],"1":[28,28],"2":[28,28,28,28],"3":[28,28],"4":[253,93],"5":[864,32],"6":[896,0]},"_coverageSchema":"1a1c01bbd47fc00a2c39e90264f33305004495a9","hash":"187bb7eab07fae756710e0fadc79f34115809ab3"}
}
