TN:
SF:src/core/connection/ProtocolCircuitBreaker.ts
FN:10,(anonymous_0)
FN:31,(anonymous_1)
FN:41,(anonymous_2)
FNF:3
FNH:3
FNDA:7,(anonymous_0)
FNDA:5,(anonymous_1)
FNDA:5,(anonymous_2)
DA:4,1
DA:11,7
DA:12,7
DA:13,7
DA:15,7
DA:16,7
DA:18,7
DA:19,3
DA:20,3
DA:21,3
DA:22,3
DA:23,3
DA:32,5
DA:33,5
DA:34,5
DA:35,5
DA:42,5
DA:43,5
LF:18
LH:18
BRDA:12,0,0,7
BRDA:12,0,1,4
BRDA:18,1,0,3
BRDA:18,1,1,4
BRDA:19,2,0,3
BRDA:19,2,1,0
BRDA:20,3,0,3
BRDA:20,3,1,0
BRDA:34,4,0,5
BRDA:34,4,1,0
BRF:10
BRH:7
end_of_record
TN:
SF:src/core/parser/BLEMultiFrameAssembler.ts
FN:10,(anonymous_0)
FN:14,(anonymous_1)
FN:22,(anonymous_2)
FN:26,(anonymous_3)
FN:30,(anonymous_4)
FN:53,(anonymous_5)
FN:72,(anonymous_6)
FN:82,(anonymous_7)
FN:124,(anonymous_8)
FNF:9
FNH:8
FNDA:8,(anonymous_0)
FNDA:39,(anonymous_1)
FNDA:0,(anonymous_2)
FNDA:17,(anonymous_3)
FNDA:15,(anonymous_4)
FNDA:22,(anonymous_5)
FNDA:37,(anonymous_6)
FNDA:22,(anonymous_7)
FNDA:1,(anonymous_8)
DA:4,8
DA:5,8
DA:6,8
DA:7,8
DA:8,8
DA:11,8
DA:15,39
DA:16,39
DA:17,39
DA:18,39
DA:19,39
DA:23,0
DA:27,17
DA:32,15
DA:33,15
DA:35,15
DA:36,11
DA:39,15
DA:40,15
DA:42,15
DA:43,22
DA:44,22
DA:45,22
DA:46,22
DA:47,22
DA:51,15
DA:52,15
DA:53,22
DA:55,15
DA:56,6
DA:57,1
DA:58,5
DA:60,1
DA:64,9
DA:65,8
DA:69,15
DA:73,37
DA:74,261
DA:75,261
DA:76,22
DA:79,15
DA:83,22
DA:84,22
DA:87,22
DA:88,5
DA:89,17
DA:90,0
DA:94,22
DA:95,22
DA:96,0
DA:99,22
DA:102,13
DA:104,13
DA:106,3
DA:107,3
DA:108,3
DA:110,3
DA:111,3
DA:112,10
DA:115,2
DA:116,2
DA:118,2
DA:119,1
DA:125,1
LF:64
LH:61
BRDA:35,0,0,11
BRDA:35,0,1,4
BRDA:35,1,0,15
BRDA:35,1,1,11
BRDA:53,2,0,15
BRDA:53,2,1,6
BRDA:55,3,0,6
BRDA:55,3,1,9
BRDA:56,4,0,1
BRDA:56,4,1,5
BRDA:58,5,0,1
BRDA:58,5,1,4
BRDA:64,6,0,8
BRDA:64,6,1,1
BRDA:75,7,0,22
BRDA:75,7,1,239
BRDA:75,8,0,261
BRDA:75,8,1,248
BRDA:75,8,2,248
BRDA:84,9,0,0
BRDA:84,9,1,22
BRDA:87,10,0,5
BRDA:87,10,1,17
BRDA:89,11,0,0
BRDA:89,11,1,17
BRDA:95,12,0,0
BRDA:95,12,1,22
BRDA:99,13,0,9
BRDA:99,13,1,13
BRDA:104,14,0,3
BRDA:104,14,1,10
BRDA:112,15,0,2
BRDA:112,15,1,8
BRDA:112,16,0,10
BRDA:112,16,1,2
BRDA:118,17,0,1
BRDA:118,17,1,1
BRF:37
BRH:34
end_of_record
TN:
SF:src/core/parser/ELMParser.ts
FN:34,(anonymous_0)
FN:39,(anonymous_1)
FN:44,(anonymous_2)
FN:77,(anonymous_3)
FN:81,(anonymous_4)
FN:85,(anonymous_5)
FNF:6
FNH:6
FNDA:12,(anonymous_0)
FNDA:13,(anonymous_1)
FNDA:11,(anonymous_2)
FNDA:24,(anonymous_3)
FNDA:1,(anonymous_4)
FNDA:11,(anonymous_5)
DA:8,3
DA:16,3
DA:35,12
DA:36,12
DA:40,13
DA:41,13
DA:45,11
DA:46,11
DA:47,11
DA:50,11
DA:51,1
DA:52,1
DA:56,10
DA:57,10
DA:59,10
DA:60,150
DA:61,150
DA:62,11
DA:63,11
DA:64,11
DA:65,10
DA:70,10
DA:71,9
DA:74,10
DA:78,24
DA:82,1
DA:87,11
DA:88,11
DA:89,11
DA:92,11
DA:93,11
DA:94,11
DA:96,11
DA:97,15
DA:98,15
DA:100,15
DA:103,15
DA:104,3
DA:107,12
DA:110,11
LF:40
LH:40
BRDA:50,0,0,1
BRDA:50,0,1,10
BRDA:50,1,0,11
BRDA:50,1,1,1
BRDA:61,2,0,11
BRDA:61,2,1,139
BRDA:63,3,0,11
BRDA:63,3,1,0
BRDA:64,4,0,10
BRDA:64,4,1,1
BRDA:70,5,0,9
BRDA:70,5,1,1
BRDA:70,6,0,10
BRDA:70,6,1,1
BRDA:88,7,0,11
BRDA:88,7,1,0
BRDA:98,8,0,0
BRDA:98,8,1,15
BRDA:103,9,0,3
BRDA:103,9,1,12
BRDA:103,10,0,15
BRDA:103,10,1,12
BRF:22
BRH:19
end_of_record
TN:
SF:src/core/parser/FlowControlManager.ts
FN:5,(anonymous_0)
FNF:1
FNH:1
FNDA:11,(anonymous_0)
DA:6,11
DA:8,11
DA:10,11
DA:11,1
DA:13,10
DA:14,10
DA:15,8
DA:20,11
DA:21,3
DA:24,8
DA:25,9
DA:27,9
DA:28,5
DA:32,3
LF:14
LH:14
BRDA:10,0,0,1
BRDA:10,0,1,10
BRDA:14,1,0,8
BRDA:14,1,1,2
BRDA:20,2,0,3
BRDA:20,2,1,8
BRDA:27,3,0,5
BRDA:27,3,1,4
BRF:8
BRH:8
end_of_record
TN:
SF:src/core/parser/ISOTPDecoder.ts
FN:2,(anonymous_0)
FNF:1
FNH:1
FNDA:10,(anonymous_0)
DA:3,10
DA:4,10
DA:5,10
DA:7,10
DA:9,10
DA:10,17
DA:11,17
DA:14,17
DA:15,10
DA:16,7
DA:17,1
DA:18,6
DA:19,2
DA:20,4
DA:21,1
DA:25,15
DA:26,15
DA:27,2
DA:30,15
DA:33,15
DA:35,15
DA:37,6
DA:38,6
DA:39,6
DA:41,9
DA:43,3
DA:44,3
DA:45,3
DA:46,6
DA:48,3
DA:49,3
DA:51,3
DA:53,1
DA:56,2
DA:60,10
DA:62,3
DA:63,3
DA:64,1
DA:66,3
DA:69,10
DA:70,10
DA:71,10
DA:72,53
DA:74,10
LF:44
LH:44
BRDA:11,0,0,0
BRDA:11,0,1,17
BRDA:14,1,0,10
BRDA:14,1,1,7
BRDA:16,2,0,1
BRDA:16,2,1,6
BRDA:16,3,0,7
BRDA:16,3,1,6
BRDA:16,3,2,6
BRDA:16,3,3,6
BRDA:16,3,4,6
BRDA:16,3,5,6
BRDA:16,3,6,6
BRDA:18,4,0,2
BRDA:18,4,1,4
BRDA:20,5,0,1
BRDA:20,5,1,3
BRDA:26,6,0,2
BRDA:26,6,1,13
BRDA:30,7,0,0
BRDA:30,7,1,15
BRDA:35,8,0,6
BRDA:35,8,1,9
BRDA:38,9,0,6
BRDA:38,9,1,0
BRDA:38,10,0,6
BRDA:38,10,1,6
BRDA:41,11,0,3
BRDA:41,11,1,6
BRDA:46,12,0,3
BRDA:46,12,1,3
BRDA:48,13,0,3
BRDA:48,13,1,0
BRDA:51,14,0,1
BRDA:51,14,1,2
BRDA:60,15,0,3
BRDA:60,15,1,7
BRDA:60,16,0,10
BRDA:60,16,1,3
BRDA:63,17,0,1
BRDA:63,17,1,2
BRF:41
BRH:37
end_of_record
TN:
SF:src/core/parser/KWPFrameDecoder.ts
FN:2,(anonymous_0)
FN:50,(anonymous_1)
FN:53,(anonymous_2)
FNF:3
FNH:3
FNDA:10,(anonymous_0)
FNDA:14,(anonymous_1)
FNDA:5,(anonymous_2)
DA:3,10
DA:5,10
DA:6,13
DA:7,13
DA:9,11
DA:10,11
DA:11,46
DA:12,46
DA:13,46
DA:17,11
DA:20,11
DA:21,11
DA:23,11
DA:24,11
DA:25,4
DA:28,11
DA:29,11
DA:30,2
DA:34,11
DA:35,9
DA:36,9
DA:38,9
DA:39,9
DA:40,32
DA:43,9
DA:45,2
DA:49,7
DA:50,14
DA:51,7
DA:53,5
DA:54,2
DA:58,10
DA:59,10
DA:60,10
DA:61,19
DA:63,10
LF:36
LH:36
BRDA:7,0,0,2
BRDA:7,0,1,11
BRDA:7,1,0,13
BRDA:7,1,1,12
BRDA:12,2,0,46
BRDA:12,2,1,0
BRDA:17,3,0,0
BRDA:17,3,1,11
BRDA:21,4,0,11
BRDA:21,4,1,10
BRDA:24,5,0,4
BRDA:24,5,1,7
BRDA:29,6,0,2
BRDA:29,6,1,9
BRDA:29,7,0,11
BRDA:29,7,1,2
BRDA:34,8,0,9
BRDA:34,8,1,2
BRDA:43,9,0,2
BRDA:43,9,1,7
BRF:20
BRH:18
end_of_record
TN:
SF:src/core/queue/AdaptivePollingController.ts
FN:20,(anonymous_0)
FN:30,(anonymous_1)
FNF:2
FNH:2
FNDA:6,(anonymous_0)
FNDA:21,(anonymous_1)
DA:5,1
DA:12,1
DA:13,1
DA:14,1
DA:15,1
DA:21,6
DA:22,6
DA:23,6
DA:31,21
DA:32,21
DA:35,21
DA:40,3
DA:41,3
DA:44,18
DA:45,18
DA:46,18
DA:47,18
DA:48,18
DA:49,18
DA:52,18
DA:53,18
DA:56,18
DA:57,18
DA:58,0
DA:59,18
DA:60,12
DA:61,6
DA:62,6
DA:66,18
DA:67,18
DA:68,0
DA:69,18
DA:70,12
DA:71,6
DA:72,3
DA:76,18
DA:77,18
DA:78,15
DA:79,3
DA:80,0
DA:85,18
DA:90,18
DA:91,18
DA:92,3
DA:93,15
DA:94,0
DA:95,15
DA:96,3
DA:97,12
DA:98,12
DA:102,18
DA:103,18
DA:104,4
DA:107,18
LF:54
LH:50
BRDA:30,0,0,21
BRDA:30,1,0,21
BRDA:35,2,0,3
BRDA:35,2,1,18
BRDA:36,3,0,21
BRDA:36,3,1,20
BRDA:36,3,2,19
BRDA:47,4,0,18
BRDA:47,4,1,0
BRDA:57,5,0,0
BRDA:57,5,1,18
BRDA:59,6,0,12
BRDA:59,6,1,6
BRDA:61,7,0,6
BRDA:61,7,1,0
BRDA:67,8,0,0
BRDA:67,8,1,18
BRDA:69,9,0,12
BRDA:69,9,1,6
BRDA:71,10,0,3
BRDA:71,10,1,3
BRDA:77,11,0,15
BRDA:77,11,1,3
BRDA:79,12,0,0
BRDA:79,12,1,3
BRDA:91,13,0,3
BRDA:91,13,1,15
BRDA:93,14,0,0
BRDA:93,14,1,15
BRDA:95,15,0,3
BRDA:95,15,1,12
BRDA:97,16,0,12
BRDA:97,16,1,0
BRDA:103,17,0,4
BRDA:103,17,1,14
BRF:35
BRH:28
end_of_record
TN:
SF:src/core/queue/CommandRateLimiter.ts
FN:6,(anonymous_0)
FN:10,(anonymous_1)
FN:30,(anonymous_2)
FNF:3
FNH:3
FNDA:2,(anonymous_0)
FNDA:30,(anonymous_1)
FNDA:28,(anonymous_2)
DA:7,2
DA:11,30
DA:13,30
DA:15,30
DA:16,0
DA:18,30
DA:19,30
DA:20,0
DA:21,30
DA:22,0
DA:26,30
DA:27,30
DA:28,30
DA:29,28
DA:30,28
DA:32,30
LF:16
LH:13
BRDA:15,0,0,0
BRDA:15,0,1,30
BRDA:19,1,0,0
BRDA:19,1,1,30
BRDA:21,2,0,0
BRDA:21,2,1,30
BRDA:28,3,0,28
BRDA:28,3,1,2
BRF:8
BRH:5
end_of_record
TN:
SF:src/core/queue/CommandScheduler.ts
FN:31,(anonymous_0)
FN:42,(anonymous_1)
FN:46,(anonymous_2)
FN:47,(anonymous_3)
FN:69,(anonymous_4)
FN:75,(anonymous_5)
FN:78,(anonymous_6)
FN:119,(anonymous_7)
FN:128,(anonymous_8)
FN:148,(anonymous_9)
FN:152,(anonymous_10)
FN:156,(anonymous_11)
FN:159,(anonymous_12)
FNF:13
FNH:12
FNDA:12,(anonymous_0)
FNDA:11,(anonymous_1)
FNDA:33,(anonymous_2)
FNDA:33,(anonymous_3)
FNDA:32,(anonymous_4)
FNDA:23,(anonymous_5)
FNDA:7,(anonymous_6)
FNDA:22,(anonymous_7)
FNDA:8,(anonymous_8)
FNDA:1,(anonymous_9)
FNDA:0,(anonymous_10)
FNDA:4,(anonymous_11)
FNDA:2,(anonymous_12)
DA:32,12
DA:33,12
DA:34,12
DA:35,12
DA:36,12
DA:37,12
DA:38,12
DA:39,12
DA:43,11
DA:47,33
DA:48,33
DA:49,33
DA:52,33
DA:56,33
DA:59,33
DA:60,1
DA:61,1
DA:64,32
DA:65,32
DA:70,32
DA:71,23
DA:72,23
DA:76,23
DA:78,30
DA:79,7
DA:80,0
DA:82,7
DA:85,30
DA:86,30
DA:87,30
DA:89,30
DA:90,30
DA:92,30
DA:94,30
DA:95,2
DA:98,28
DA:99,22
DA:100,22
DA:101,22
DA:104,8
DA:105,8
DA:106,6
DA:109,30
DA:112,0
DA:113,0
DA:116,23
DA:120,22
DA:121,22
DA:122,1
DA:123,1
DA:124,1
DA:129,8
DA:130,8
DA:131,5
DA:132,5
DA:133,3
DA:134,3
DA:136,2
DA:140,5
DA:141,1
DA:142,1
DA:143,1
DA:149,1
DA:153,0
DA:157,4
DA:158,4
DA:159,4
DA:161,4
DA:162,2
DA:163,2
DA:165,2
LF:71
LH:67
BRDA:46,0,0,0
BRDA:46,1,0,20
BRDA:46,2,0,30
BRDA:49,3,0,33
BRDA:49,3,1,0
BRDA:52,4,0,26
BRDA:52,4,1,7
BRDA:59,5,0,1
BRDA:59,5,1,32
BRDA:59,6,0,33
BRDA:59,6,1,12
BRDA:70,7,0,9
BRDA:70,7,1,23
BRDA:79,8,0,0
BRDA:79,8,1,7
BRDA:86,9,0,0
BRDA:86,9,1,30
BRDA:89,10,0,30
BRDA:89,10,1,0
BRDA:94,11,0,2
BRDA:94,11,1,28
BRDA:100,12,0,22
BRDA:100,12,1,0
BRDA:105,13,0,6
BRDA:105,13,1,2
BRDA:121,14,0,1
BRDA:121,14,1,21
BRDA:121,15,0,22
BRDA:121,15,1,11
BRDA:129,16,0,8
BRDA:129,16,1,8
BRDA:130,17,0,5
BRDA:130,17,1,3
BRDA:132,18,0,3
BRDA:132,18,1,2
BRDA:140,19,0,1
BRDA:140,19,1,4
BRDA:140,20,0,5
BRDA:140,20,1,1
BRDA:161,21,0,2
BRDA:161,21,1,2
BRF:41
BRH:35
end_of_record
TN:
SF:src/core/security/CommandClassificationRegistry.ts
FN:26,normalizeCommand
FN:52,classifyCommand
FN:83,requiresProAccess
FN:98,assertHardwareGate
FNF:4
FNH:4
FNDA:74,normalizeCommand
FNDA:71,classifyCommand
FNDA:32,requiresProAccess
FNDA:26,assertHardwareGate
DA:27,74
DA:53,71
DA:56,71
DA:57,64
DA:58,58
DA:59,55
DA:60,52
DA:63,51
DA:66,46
DA:69,40
DA:70,38
DA:73,35
DA:74,32
DA:77,29
DA:84,32
DA:99,26
DA:100,26
DA:101,7
LF:18
LH:18
BRDA:56,0,0,7
BRDA:56,0,1,64
BRDA:57,1,0,6
BRDA:57,1,1,58
BRDA:58,2,0,3
BRDA:58,2,1,55
BRDA:59,3,0,3
BRDA:59,3,1,52
BRDA:60,4,0,1
BRDA:60,4,1,51
BRDA:63,5,0,5
BRDA:63,5,1,46
BRDA:66,6,0,6
BRDA:66,6,1,40
BRDA:69,7,0,2
BRDA:69,7,1,38
BRDA:70,8,0,3
BRDA:70,8,1,35
BRDA:73,9,0,3
BRDA:73,9,1,32
BRDA:74,10,0,3
BRDA:74,10,1,29
BRDA:85,11,0,32
BRDA:85,11,1,28
BRDA:85,11,2,25
BRDA:100,12,0,7
BRDA:100,12,1,19
BRDA:100,13,0,26
BRDA:100,13,1,11
BRF:29
BRH:29
end_of_record
TN:
SF:src/core/telemetry/TelemetryHealthCollector.ts
FN:64,(anonymous_0)
FN:80,(anonymous_1)
FN:112,(anonymous_2)
FN:132,(anonymous_3)
FN:139,(anonymous_4)
FN:146,(anonymous_5)
FN:154,(anonymous_6)
FN:163,(anonymous_7)
FN:171,(anonymous_8)
FN:179,(anonymous_9)
FN:183,(anonymous_10)
FN:187,(anonymous_11)
FN:191,(anonymous_12)
FN:198,(anonymous_13)
FN:213,(anonymous_14)
FN:245,(anonymous_15)
FNF:16
FNH:16
FNDA:428,(anonymous_0)
FNDA:128,(anonymous_1)
FNDA:114,(anonymous_2)
FNDA:5,(anonymous_3)
FNDA:2,(anonymous_4)
FNDA:2,(anonymous_5)
FNDA:10,(anonymous_6)
FNDA:8,(anonymous_7)
FNDA:4,(anonymous_8)
FNDA:1,(anonymous_9)
FNDA:3,(anonymous_10)
FNDA:1,(anonymous_11)
FNDA:1,(anonymous_12)
FNDA:1,(anonymous_13)
FNDA:19,(anonymous_14)
FNDA:242,(anonymous_15)
DA:25,1
DA:29,1
DA:30,1
DA:31,1
DA:34,1
DA:35,1
DA:37,1
DA:38,1
DA:40,1
DA:41,1
DA:44,1
DA:45,1
DA:46,1
DA:49,1
DA:50,1
DA:51,1
DA:58,1
DA:59,1
DA:65,428
DA:66,428
DA:68,428
DA:69,428
DA:71,428
DA:72,428
DA:73,233
DA:82,128
DA:83,128
DA:85,128
DA:86,128
DA:88,128
DA:89,128
DA:90,118
DA:94,128
DA:95,128
DA:97,128
DA:98,128
DA:100,128
DA:101,128
DA:102,118
DA:105,128
DA:106,128
DA:114,114
DA:115,114
DA:117,114
DA:118,114
DA:120,114
DA:121,114
DA:122,104
DA:125,114
DA:126,114
DA:133,5
DA:140,2
DA:147,2
DA:155,10
DA:156,8
DA:164,8
DA:165,6
DA:172,4
DA:173,2
DA:180,1
DA:184,3
DA:188,1
DA:192,1
DA:199,1
DA:214,19
DA:215,19
DA:216,19
DA:218,19
DA:219,19
DA:221,19
DA:222,19
DA:224,19
DA:225,19
DA:227,19
DA:228,19
DA:229,19
DA:231,19
DA:232,19
DA:233,19
DA:234,19
DA:246,242
DA:249,0
DA:250,0
DA:251,0
DA:253,0
DA:256,0
DA:257,0
DA:258,0
DA:260,0
DA:263,0
DA:264,0
DA:265,0
DA:267,0
LF:93
LH:81
BRDA:64,0,0,1
BRDA:65,1,0,316
BRDA:65,1,1,112
BRDA:66,2,0,195
BRDA:66,2,1,233
BRDA:72,3,0,233
BRDA:72,3,1,195
BRDA:83,4,0,10
BRDA:83,4,1,118
BRDA:89,5,0,118
BRDA:89,5,1,10
BRDA:95,6,0,10
BRDA:95,6,1,118
BRDA:101,7,0,118
BRDA:101,7,1,10
BRDA:115,8,0,10
BRDA:115,8,1,104
BRDA:121,9,0,104
BRDA:121,9,1,10
BRDA:155,10,0,2
BRDA:155,10,1,8
BRDA:164,11,0,2
BRDA:164,11,1,6
BRDA:172,12,0,2
BRDA:172,12,1,2
BRDA:246,13,0,242
BRDA:246,13,1,0
BRF:27
BRH:26
end_of_record
TN:
SF:src/core/transport/TransportRateLimiter.ts
FN:15,(anonymous_0)
FN:40,(anonymous_1)
FN:46,(anonymous_2)
FN:57,(anonymous_3)
FN:63,(anonymous_4)
FN:68,(anonymous_5)
FN:81,(anonymous_6)
FNF:7
FNH:7
FNDA:5,(anonymous_0)
FNDA:17,(anonymous_1)
FNDA:74,(anonymous_2)
FNDA:57,(anonymous_3)
FNDA:5,(anonymous_4)
FNDA:17,(anonymous_5)
FNDA:6,(anonymous_6)
DA:5,3
DA:6,3
DA:7,3
DA:8,3
DA:9,3
DA:10,3
DA:16,5
DA:17,5
DA:18,5
DA:19,5
DA:21,5
DA:22,1
DA:23,1
DA:24,4
DA:25,1
DA:26,1
DA:28,3
DA:29,3
DA:32,5
DA:33,5
DA:34,5
DA:36,5
DA:37,0
DA:40,5
DA:41,17
DA:42,17
DA:47,74
DA:48,74
DA:49,74
DA:50,74
DA:58,57
DA:59,57
DA:60,52
DA:61,52
DA:63,5
DA:64,5
DA:69,17
DA:70,4
DA:71,4
DA:72,4
DA:73,4
DA:82,6
DA:83,5
DA:84,5
DA:86,6
DA:87,6
LF:46
LH:45
BRDA:21,0,0,1
BRDA:21,0,1,4
BRDA:24,1,0,1
BRDA:24,1,1,3
BRDA:36,2,0,0
BRDA:36,2,1,5
BRDA:59,3,0,52
BRDA:59,3,1,5
BRDA:69,4,0,21
BRDA:69,4,1,18
BRDA:72,5,0,4
BRDA:72,5,1,0
BRDA:82,6,0,5
BRDA:82,6,1,1
BRF:14
BRH:12
end_of_record
TN:
SF:src/utils/IapBridge.ts
FN:23,getHardwareFingerprint
FN:43,deriveHmacKey
FN:69,(anonymous_2)
FN:79,signReceipt
FN:90,verifyReceipt
FNF:5
FNH:5
FNDA:28,getHardwareFingerprint
FNDA:28,deriveHmacKey
FNDA:896,(anonymous_2)
FNDA:17,signReceipt
FNDA:7,verifyReceipt
DA:9,1
DA:24,28
DA:25,28
DA:27,28
DA:28,28
DA:29,28
DA:31,28
DA:45,28
DA:46,28
DA:47,28
DA:48,253
DA:52,28
DA:53,28
DA:54,28
DA:55,900
DA:59,28
DA:60,28
DA:61,896
DA:62,896
DA:65,896
DA:69,896
DA:80,17
DA:81,17
DA:82,17
DA:83,17
DA:87,17
DA:91,7
DA:92,7
LF:28
LH:28
BRDA:24,0,0,28
BRDA:24,0,1,0
BRDA:25,1,0,28
BRDA:25,1,1,28
BRDA:28,2,0,28
BRDA:28,2,1,28
BRDA:28,2,2,28
BRDA:28,2,3,28
BRDA:29,3,0,28
BRDA:29,3,1,28
BRDA:48,4,0,253
BRDA:48,4,1,93
BRDA:61,5,0,864
BRDA:61,5,1,32
BRDA:62,6,0,896
BRDA:62,6,1,0
BRF:16
BRH:14
end_of_record
